#
# A fatal error has been detected by the Java Runtime Environment:
#
#  SIGSEGV (0xb) at pc=0x00000001198d75dd, pid=8206, tid=775
#
# JRE version: Java(TM) SE Runtime Environment (8.0_40-b25) (build 1.8.0_40-b25)
# Java VM: Java HotSpot(TM) 64-Bit Server VM (25.40-b25 mixed mode bsd-amd64 compressed oops)
# Problematic frame:
# C  [libglass.dylib+0x155dd]  GlassScreenDidChangeScreenParameters+0x9d
#
# Failed to write core dump. Core dumps have been disabled. To enable core dumping, try "ulimit -c unlimited" before starting Java again
#
# If you would like to submit a bug report, please visit:
#   http://bugreport.java.com/bugreport/crash.jsp
#

---------------  T H R E A D  ---------------

Current thread is native thread

siginfo: si_signo: 11 (SIGSEGV), si_code: 1 (SEGV_MAPERR), si_addr: 0x0000000000000000

Registers:
RAX=0x0000000119909bc0, RBX=0x0000000000000000, RCX=0x0000000000000103, RDX=0x00007f8bdc7668d0
RSP=0x00007fff50d00600, RBP=0x00007fff50d00610, RSI=0x00007f8bdc5052d0, RDI=0x0000000000000000
R8 =0x0000000000000040, R9 =0x00007fffd4ed7040, R10=0xffffffffffffffff, R11=0x0000000000012068
R12=0x0000000000000000, R13=0x00007f8bdc4674c0, R14=0x00007f8be1bdbb10, R15=0x0000000000000000
RIP=0x00000001198d75dd, EFLAGS=0x0000000000010202, ERR=0x0000000000000004
  TRAPNO=0x000000000000000e

Top of Stack: (sp=0x00007fff50d00600)
0x00007fff50d00600:   00007f8bdc467500 00007f8be1bdbb10
0x00007fff50d00610:   00007fff50d00620 00007fffb67d645c
0x00007fff50d00620:   00007fff50d00690 00007fffb67d635b
0x00007fff50d00630:   000000010ef18000 00007fffd4ed2060
0x00007fff50d00640:   00000000c2000000 00007fffb67d63b0
0x00007fff50d00650:   00007fffd1737680 00007f8bdc4674c0
0x00007fff50d00660:   00007f8be1bdbb10 00007fff50d00e58
0x00007fff50d00670:   00007fffcb67d040 00007fff50d00760
0x00007fff50d00680:   00007f8bdc4674c0 00007fffb4ed605a
0x00007fff50d00690:   00007fff50d006d0 00007fffb67d60c2
0x00007fff50d006a0:   00007fff50d00ca0 0000000000000000
0x00007fff50d006b0:   00007fffcb67d040 00007fff50d00760
0x00007fff50d006c0:   00007fff50d00e58 00007fffb4ed605a
0x00007fff50d006d0:   00007fff50d00df0 00007fffb6793523
0x00007fff50d006e0:   00007fff50d00700 00007fffb6755870
0x00007fff50d006f0:   00007f8bdc45bb60 00007fff50d00d40
0x00007fff50d00700:   00007f8bdc613ee0 00007fffd1738cb0
0x00007fff50d00710:   0000000000000000 00007f8bdc9ac048
0x00007fff50d00720:   00007f8bdc613e01 00007f8bdc63a630
0x00007fff50d00730:   00007fffd186b0e0 0000000000000000
0x00007fff50d00740:   00007f8bdc467530 0000000000000000
0x00007fff50d00750:   0000000000000000 00007fffd1777900
0x00007fff50d00760:   00007fff50d00ca0 0000000000000001
0x00007fff50d00770:   0000000000000100 00007fff50d00700
0x00007fff50d00780:   00007fff50d00ba0 0000000000000000
0x00007fff50d00790:   0000000000000100 00007fffd1778e00
0x00007fff50d007a0:   00007fff50d00d40 0000000000000001
0x00007fff50d007b0:   00007fff50d007f0 00007fffb678e1cc
0x00007fff50d007c0:   000000000000000d 00007f8bdc45bb60
0x00007fff50d007d0:   00007f8bdc45bb60 00007fffd1778e80
0x00007fff50d007e0:   00007f8bdc503420 0000000000000001
0x00007fff50d007f0:   00007fff50d00e70 00007fffb678dce9 

Instructions: (pc=0x00000001198d75dd)
0x00000001198d75bd:   89 df 4c 89 f1 41 ff 90 68 04 00 00 48 8d 05 f8
0x00000001198d75cd:   24 03 00 48 8b 30 48 8d 05 e6 25 03 00 48 8b 10
0x00000001198d75dd:   48 8b 0b 30 c0 48 89 df ff 91 68 04 00 00 48 8b
0x00000001198d75ed:   03 48 89 df ff 50 78 48 85 c0 74 36 49 89 c6 48 

Register to memory mapping:

RAX=0x0000000119909bc0: jScreenNotifySettingsChanged+0 in /Library/Java/JavaVirtualMachines/jdk1.8.0_40.jdk/Contents/Home/jre/lib/libglass.dylib at 0x00000001198c2000
RBX=0x0000000000000000 is an unknown value
RCX=0x0000000000000103 is an unknown value
RDX=0x00007f8bdc7668d0 is an unknown value
RSP=0x00007fff50d00600 is an unknown value
RBP=0x00007fff50d00610 is an unknown value
RSI=0x00007f8bdc5052d0 is a global jni handle
RDI=0x0000000000000000 is an unknown value
R8 =0x0000000000000040 is an unknown value
R9 =0x00007fffd4ed7040: __sFX+0x1c0 in /usr/lib/system/libsystem_c.dylib at 0x00007fffcbffa000
R10=0xffffffffffffffff is an unknown value
R11=0x0000000000012068 is an unknown value
R12=0x0000000000000000 is an unknown value
R13=0x00007f8bdc4674c0 is an unknown value
R14=0x00007f8be1bdbb10 is an unknown value
R15=0x0000000000000000 is an unknown value


Stack: [0x00007fff50504000,0x00007fff50d04000],  sp=0x00007fff50d00600,  free space=8177k
Native frames: (J=compiled Java code, j=interpreted, Vv=VM code, C=native code)
C  [libglass.dylib+0x155dd]  GlassScreenDidChangeScreenParameters+0x9d
C  [CoreFoundation+0x9d45c]  __CFNOTIFICATIONCENTER_IS_CALLING_OUT_TO_AN_OBSERVER__+0xc
C  [CoreFoundation+0x9d35b]  _CFXRegistrationPost+0x1ab
C  [CoreFoundation+0x9d0c2]  ___CFXNotificationPost_block_invoke+0x32
C  [CoreFoundation+0x5a523]  -[_CFXNotificationRegistrar find:object:observer:enumerator:]+0x723
C  [CoreFoundation+0x5955c]  _CFXNotificationPost+0x25c
C  [Foundation+0x6677]  -[NSNotificationCenter postNotificationName:object:userInfo:]+0x42
C  [AppKit+0x3f0ba2]  -[NSApplication _reactToScreenInvalidationImmediately:]+0x18f
C  [AppKit+0x3f09df]  __44-[NSApplication _reactToScreenInvalidation:]_block_invoke+0x3b
C  [CoreFoundation+0xa717c]  __CFRUNLOOP_IS_CALLING_OUT_TO_A_BLOCK__+0xc
C  [CoreFoundation+0x87f84]  __CFRunLoopDoBlocks+0x164
C  [CoreFoundation+0x87ac6]  __CFRunLoopRun+0x756
C  [CoreFoundation+0x87114]  CFRunLoopRunSpecific+0x1a4
C  [java+0x6490]  CreateExecutionEnvironment+0x367
C  [java+0x221c]  JLI_Launch+0x7a0
C  [java+0x84ed]  main+0x65
C  [java+0x1a74]  start+0x34


---------------  P R O C E S S  ---------------

VM state:not at safepoint (normal execution)

VM Mutex/Monitor currently owned by a thread: None

Heap:
 PSYoungGen      total 38400K, used 37533K [0x0000000795580000, 0x0000000798a80000, 0x00000007c0000000)
  eden space 33280K, 97% used [0x0000000795580000,0x0000000797528d08,0x0000000797600000)
  from space 5120K, 99% used [0x0000000797600000,0x0000000797afea88,0x0000000797b00000)
  to   space 5120K, 0% used [0x0000000798580000,0x0000000798580000,0x0000000798a80000)
 ParOldGen       total 65536K, used 10186K [0x0000000740000000, 0x0000000744000000, 0x0000000795580000)
  object space 65536K, 15% used [0x0000000740000000,0x00000007409f28f0,0x0000000744000000)
 Metaspace       used 23155K, capacity 24274K, committed 24448K, reserved 1071104K
  class space    used 3145K, capacity 3394K, committed 3456K, reserved 1048576K

Card table byte_map: [0x0000000110b29000,0x0000000110f2a000] byte_map_base: 0x000000010d129000

Marking Bits: (ParMarkBitMap*) 0x00000001100c27a0
 Begin Bits: [0x00000001111d5000, 0x00000001131d5000)
 End Bits:   [0x00000001131d5000, 0x00000001151d5000)

Polling page: 0x000000010efbc000

CodeCache: size=245760Kb used=10205Kb max_used=10205Kb free=235554Kb
 bounds [0x0000000119d91000, 0x000000011a7a1000, 0x0000000128d91000]
 total_blobs=4090 nmethods=3347 adapters=656
 compilation: enabled

Compilation events (10 events):
Event: 38.045 Thread 0x00007f8bdd009800 3740       3       java.lang.invoke.MethodHandles$Lookup::maybeBindCaller (44 bytes)
Event: 38.045 Thread 0x00007f8bdd009800 nmethod 3740 0x000000011a78f350 code [0x000000011a78f540, 0x000000011a78feb8]
Event: 38.045 Thread 0x00007f8bdd009800 3741       3       java.lang.invoke.MethodHandleNatives::isCallerSensitive (29 bytes)
Event: 38.046 Thread 0x00007f8bdd009800 nmethod 3741 0x000000011a790250 code [0x000000011a790400, 0x000000011a790aa8]
Event: 38.046 Thread 0x00007f8bdd009800 3742       3       java.lang.invoke.MethodHandleNatives::canBeCalledVirtual (132 bytes)
Event: 38.046 Thread 0x00007f8bdd009800 nmethod 3742 0x000000011a790cd0 code [0x000000011a790ec0, 0x000000011a7917f8]
Event: 38.046 Thread 0x00007f8bdd009800 3743       3       java.lang.invoke.MethodHandle::setVarargs (38 bytes)
Event: 38.047 Thread 0x00007f8bdd009800 nmethod 3743 0x000000011a791a50 code [0x000000011a791c40, 0x000000011a7926e8]
Event: 38.047 Thread 0x00007f8bdd009800 3744       3       java.lang.invoke.MemberName::isVarargs (23 bytes)
Event: 38.047 Thread 0x00007f8bdd009800 nmethod 3744 0x000000011a78b3d0 code [0x000000011a78b560, 0x000000011a78bab0]

GC Heap History (8 events):
Event: 1.962 GC heap before
{Heap before GC invocations=1 (full 0):
 PSYoungGen      total 38400K, used 33280K [0x0000000795580000, 0x0000000798000000, 0x00000007c0000000)
  eden space 33280K, 100% used [0x0000000795580000,0x0000000797600000,0x0000000797600000)
  from space 5120K, 0% used [0x0000000797b00000,0x0000000797b00000,0x0000000798000000)
  to   space 5120K, 0% used [0x0000000797600000,0x0000000797600000,0x0000000797b00000)
 ParOldGen       total 87552K, used 0K [0x0000000740000000, 0x0000000745580000, 0x0000000795580000)
  object space 87552K, 0% used [0x0000000740000000,0x0000000740000000,0x0000000745580000)
 Metaspace       used 13307K, capacity 13818K, committed 14080K, reserved 1060864K
  class space    used 1848K, capacity 2013K, committed 2048K, reserved 1048576K
Event: 1.970 GC heap after
Heap after GC invocations=1 (full 0):
 PSYoungGen      total 38400K, used 4224K [0x0000000795580000, 0x0000000798000000, 0x00000007c0000000)
  eden space 33280K, 0% used [0x0000000795580000,0x0000000795580000,0x0000000797600000)
  from space 5120K, 82% used [0x0000000797600000,0x0000000797a20040,0x0000000797b00000)
  to   space 5120K, 0% used [0x0000000797b00000,0x0000000797b00000,0x0000000798000000)
 ParOldGen       total 87552K, used 80K [0x0000000740000000, 0x0000000745580000, 0x0000000795580000)
  object space 87552K, 0% used [0x0000000740000000,0x0000000740014010,0x0000000745580000)
 Metaspace       used 13307K, capacity 13818K, committed 14080K, reserved 1060864K
  class space    used 1848K, capacity 2013K, committed 2048K, reserved 1048576K
}
Event: 5.848 GC heap before
{Heap before GC invocations=2 (full 0):
 PSYoungGen      total 38400K, used 27314K [0x0000000795580000, 0x0000000798000000, 0x00000007c0000000)
  eden space 33280K, 69% used [0x0000000795580000,0x0000000796c0c928,0x0000000797600000)
  from space 5120K, 82% used [0x0000000797600000,0x0000000797a20040,0x0000000797b00000)
  to   space 5120K, 0% used [0x0000000797b00000,0x0000000797b00000,0x0000000798000000)
 ParOldGen       total 87552K, used 80K [0x0000000740000000, 0x0000000745580000, 0x0000000795580000)
  object space 87552K, 0% used [0x0000000740000000,0x0000000740014010,0x0000000745580000)
 Metaspace       used 20247K, capacity 21212K, committed 21296K, reserved 1067008K
  class space    used 2879K, capacity 3129K, committed 3200K, reserved 1048576K
Event: 5.875 GC heap after
Heap after GC invocations=2 (full 0):
 PSYoungGen      total 38400K, used 5106K [0x0000000795580000, 0x0000000798000000, 0x00000007c0000000)
  eden space 33280K, 0% used [0x0000000795580000,0x0000000795580000,0x0000000797600000)
  from space 5120K, 99% used [0x0000000797b00000,0x0000000797ffcac0,0x0000000798000000)
  to   space 5120K, 0% used [0x0000000797600000,0x0000000797600000,0x0000000797b00000)
 ParOldGen       total 87552K, used 2753K [0x0000000740000000, 0x0000000745580000, 0x0000000795580000)
  object space 87552K, 3% used [0x0000000740000000,0x00000007402b0490,0x0000000745580000)
 Metaspace       used 20247K, capacity 21212K, committed 21296K, reserved 1067008K
  class space    used 2879K, capacity 3129K, committed 3200K, reserved 1048576K
}
Event: 5.875 GC heap before
{Heap before GC invocations=3 (full 1):
 PSYoungGen      total 38400K, used 5106K [0x0000000795580000, 0x0000000798000000, 0x00000007c0000000)
  eden space 33280K, 0% used [0x0000000795580000,0x0000000795580000,0x0000000797600000)
  from space 5120K, 99% used [0x0000000797b00000,0x0000000797ffcac0,0x0000000798000000)
  to   space 5120K, 0% used [0x0000000797600000,0x0000000797600000,0x0000000797b00000)
 ParOldGen       total 87552K, used 2753K [0x0000000740000000, 0x0000000745580000, 0x0000000795580000)
  object space 87552K, 3% used [0x0000000740000000,0x00000007402b0490,0x0000000745580000)
 Metaspace       used 20247K, capacity 21212K, committed 21296K, reserved 1067008K
  class space    used 2879K, capacity 3129K, committed 3200K, reserved 1048576K
Event: 5.929 GC heap after
Heap after GC invocations=3 (full 1):
 PSYoungGen      total 38400K, used 0K [0x0000000795580000, 0x0000000798000000, 0x00000007c0000000)
  eden space 33280K, 0% used [0x0000000795580000,0x0000000795580000,0x0000000797600000)
  from space 5120K, 0% used [0x0000000797b00000,0x0000000797b00000,0x0000000798000000)
  to   space 5120K, 0% used [0x0000000797600000,0x0000000797600000,0x0000000797b00000)
 ParOldGen       total 65536K, used 7747K [0x0000000740000000, 0x0000000744000000, 0x0000000795580000)
  object space 65536K, 11% used [0x0000000740000000,0x0000000740790c98,0x0000000744000000)
 Metaspace       used 20247K, capacity 21212K, committed 21296K, reserved 1067008K
  class space    used 2879K, capacity 3129K, committed 3200K, reserved 1048576K
}
Event: 9.943 GC heap before
{Heap before GC invocations=4 (full 1):
 PSYoungGen      total 38400K, used 33280K [0x0000000795580000, 0x0000000798000000, 0x00000007c0000000)
  eden space 33280K, 100% used [0x0000000795580000,0x0000000797600000,0x0000000797600000)
  from space 5120K, 0% used [0x0000000797b00000,0x0000000797b00000,0x0000000798000000)
  to   space 5120K, 0% used [0x0000000797600000,0x0000000797600000,0x0000000797b00000)
 ParOldGen       total 65536K, used 7747K [0x0000000740000000, 0x0000000744000000, 0x0000000795580000)
  object space 65536K, 11% used [0x0000000740000000,0x0000000740790c98,0x0000000744000000)
 Metaspace       used 22773K, capacity 23882K, committed 24192K, reserved 1071104K
  class space    used 3133K, capacity 3380K, committed 3456K, reserved 1048576K
Event: 9.950 GC heap after
Heap after GC invocations=4 (full 1):
 PSYoungGen      total 38400K, used 5114K [0x0000000795580000, 0x0000000798a80000, 0x00000007c0000000)
  eden space 33280K, 0% used [0x0000000795580000,0x0000000795580000,0x0000000797600000)
  from space 5120K, 99% used [0x0000000797600000,0x0000000797afea88,0x0000000797b00000)
  to   space 5120K, 0% used [0x0000000798580000,0x0000000798580000,0x0000000798a80000)
 ParOldGen       total 65536K, used 10186K [0x0000000740000000, 0x0000000744000000, 0x0000000795580000)
  object space 65536K, 15% used [0x0000000740000000,0x00000007409f28f0,0x0000000744000000)
 Metaspace       used 22773K, capacity 23882K, committed 24192K, reserved 1071104K
  class space    used 3133K, capacity 3380K, committed 3456K, reserved 1048576K
}

Deoptimization events (10 events):
Event: 10.623 Thread 0x00007f8bdd37d800 Uncommon trap: reason=bimorphic action=maybe_recompile pc=0x000000011a51f4cc method=java.io.BufferedInputStream.read1([BII)I @ 39
Event: 11.525 Thread 0x00007f8bdd37c800 Uncommon trap: reason=bimorphic action=maybe_recompile pc=0x000000011a51f4cc method=java.io.BufferedInputStream.read1([BII)I @ 39
Event: 11.525 Thread 0x00007f8bdd37c800 Uncommon trap: reason=bimorphic action=maybe_recompile pc=0x000000011a50a5f0 method=java.io.BufferedInputStream.read1([BII)I @ 39
Event: 19.518 Thread 0x00007f8bdc998000 Uncommon trap: reason=class_check action=maybe_recompile pc=0x000000011a5e073c method=java.util.AbstractCollection.addAll(Ljava/util/Collection;)Z @ 3
Event: 19.518 Thread 0x00007f8bdc998000 Uncommon trap: reason=class_check action=maybe_recompile pc=0x000000011a5e073c method=java.util.AbstractCollection.addAll(Ljava/util/Collection;)Z @ 3
Event: 31.021 Thread 0x00007f8bdd2c2000 Uncommon trap: reason=unstable_if action=reinterpret pc=0x000000011a66ca84 method=java.util.logging.Logger.isLoggable(Ljava/util/logging/Level;)Z @ 8
Event: 31.021 Thread 0x00007f8bdd2c2000 Uncommon trap: reason=unstable_if action=reinterpret pc=0x000000011a066ffc method=java.util.logging.Logger.isLoggable(Ljava/util/logging/Level;)Z @ 8
Event: 35.721 Thread 0x00007f8bdd039000 Uncommon trap: reason=unstable_if action=reinterpret pc=0x000000011a5fa6e8 method=com.sun.prism.es2.GLContext.updateBoundTexture(I)V @ 5
Event: 38.044 Thread 0x00007f8bdc998000 Uncommon trap: reason=unstable_if action=reinterpret pc=0x000000011a743acc method=java.util.concurrent.locks.ReentrantLock$Sync.nonfairTryAcquire(I)Z @ 34
Event: 38.044 Thread 0x00007f8bdc998000 Uncommon trap: reason=unstable_if action=reinterpret pc=0x0000000119ed14a4 method=java.util.concurrent.locks.ReentrantLock$Sync.tryRelease(I)Z @ 28

Internal exceptions (10 events):
Event: 5.493 Thread 0x00007f8bdca3f000 Exception <a 'java/io/FileNotFoundException'> (0x000000079692c930) thrown at [/Users/java_re/workspace/8-2-build-macosx-x86_64/jdk8u40/2855/hotspot/src/share/vm/prims/jni.cpp, line 709]
Event: 5.522 Thread 0x00007f8bdc846800 Exception <a 'java/io/FileNotFoundException'> (0x000000079694d3c8) thrown at [/Users/java_re/workspace/8-2-build-macosx-x86_64/jdk8u40/2855/hotspot/src/share/vm/prims/jni.cpp, line 709]
Event: 5.522 Thread 0x00007f8bdc846800 Exception <a 'java/io/FileNotFoundException'> (0x000000079694dd50) thrown at [/Users/java_re/workspace/8-2-build-macosx-x86_64/jdk8u40/2855/hotspot/src/share/vm/prims/jni.cpp, line 709]
Event: 5.582 Thread 0x00007f8bdca73000 Exception <a 'java/io/FileNotFoundException'> (0x0000000796a87200) thrown at [/Users/java_re/workspace/8-2-build-macosx-x86_64/jdk8u40/2855/hotspot/src/share/vm/prims/jni.cpp, line 709]
Event: 5.582 Thread 0x00007f8bdca73000 Exception <a 'java/io/FileNotFoundException'> (0x0000000796a87b80) thrown at [/Users/java_re/workspace/8-2-build-macosx-x86_64/jdk8u40/2855/hotspot/src/share/vm/prims/jni.cpp, line 709]
Event: 6.057 Thread 0x00007f8bdd921800 Implicit null exception at 0x000000011a187c06 to 0x000000011a1885e9
Event: 6.109 Thread 0x00007f8bdd921800 Implicit null exception at 0x000000011a18975b to 0x000000011a189b69
Event: 6.299 Thread 0x00007f8bdcc7a800 Exception <a 'java/net/UnknownHostException'> (0x00000007963e7c00) thrown at [/Users/java_re/workspace/8-2-build-macosx-x86_64/jdk8u40/2855/hotspot/src/share/vm/prims/jni.cpp, line 709]
Event: 6.304 Thread 0x00007f8bdd921800 Exception <a 'java/net/UnknownHostException'> (0x00000007963c4570) thrown at [/Users/java_re/workspace/8-2-build-macosx-x86_64/jdk8u40/2855/hotspot/src/share/vm/prims/jni.cpp, line 709]
Event: 6.310 Thread 0x00007f8bdd32f000 Exception <a 'java/net/UnknownHostException'> (0x0000000796476b98) thrown at [/Users/java_re/workspace/8-2-build-macosx-x86_64/jdk8u40/2855/hotspot/src/share/vm/prims/jni.cpp, line 709]

Events (10 events):
Event: 38.044 Thread 0x00007f8bdc998000 Uncommon trap: trap_request=0xffffff65 fr.pc=0x0000000119ed14a4
Event: 38.044 Thread 0x00007f8bdc998000 DEOPT PACKING pc=0x0000000119ed14a4 sp=0x00007fff50cfd870
Event: 38.044 Thread 0x00007f8bdc998000 DEOPT UNPACKING pc=0x0000000119d96229 sp=0x00007fff50cfd818 mode 2
Event: 38.044 loading class com/sun/javafx/tk/quantum/QuantumToolkit
Event: 38.044 loading class com/sun/javafx/tk/quantum/QuantumToolkit done
Event: 38.044 Thread 0x00007f8bdd039000 Thread exited: 0x00007f8bdd039000
Event: 38.045 Thread 0x00007f8bdd960000 Thread exited: 0x00007f8bdd960000
Event: 38.045 Thread 0x00007f8bde004000 Thread exited: 0x00007f8bde004000
Event: 38.045 Thread 0x00007f8bdcc06800 Thread added: 0x00007f8bdcc06800
Event: 38.045 Thread 0x00007f8bdc998000 Thread exited: 0x00007f8bdc998000


Dynamic libraries:
0x00000000413c0000 	/System/Library/Frameworks/Cocoa.framework/Versions/A/Cocoa
0x00000000413c0000 	/System/Library/Frameworks/Security.framework/Versions/A/Security
0x00000000413c0000 	/System/Library/Frameworks/ApplicationServices.framework/Versions/A/ApplicationServices
0x00000000413c0000 	/usr/lib/libz.1.dylib
0x00000000413c0000 	/usr/lib/libSystem.B.dylib
0x00000000413c0000 	/usr/lib/libobjc.A.dylib
0x00000000413c0000 	/System/Library/Frameworks/CoreFoundation.framework/Versions/A/CoreFoundation
0x00000000413c0000 	/System/Library/Frameworks/Foundation.framework/Versions/C/Foundation
0x00000000413c0000 	/System/Library/Frameworks/AppKit.framework/Versions/C/AppKit
0x00000000413c0000 	/System/Library/Frameworks/CoreData.framework/Versions/A/CoreData
0x00000000413c0000 	/System/Library/PrivateFrameworks/RemoteViewServices.framework/Versions/A/RemoteViewServices
0x00000000413c0000 	/System/Library/PrivateFrameworks/UIFoundation.framework/Versions/A/UIFoundation
0x00000000413c0000 	/System/Library/PrivateFrameworks/DFRFoundation.framework/Versions/A/DFRFoundation
0x00000000413c0000 	/usr/lib/libenergytrace.dylib
0x00000000413c0000 	/System/Library/PrivateFrameworks/SkyLight.framework/Versions/A/SkyLight
0x00000000413c0000 	/System/Library/Frameworks/CoreGraphics.framework/Versions/A/CoreGraphics
0x00000000413c0000 	/usr/lib/libScreenReader.dylib
0x00000000413c0000 	/System/Library/Frameworks/Accelerate.framework/Versions/A/Accelerate
0x00000000413c0000 	/System/Library/Frameworks/IOSurface.framework/Versions/A/IOSurface
0x00000000413c0000 	/System/Library/Frameworks/AudioToolbox.framework/Versions/A/AudioToolbox
0x00000000413c0000 	/System/Library/Frameworks/AudioUnit.framework/Versions/A/AudioUnit
0x00000000413c0000 	/System/Library/PrivateFrameworks/DataDetectorsCore.framework/Versions/A/DataDetectorsCore
0x00000000413c0000 	/System/Library/PrivateFrameworks/DesktopServicesPriv.framework/Versions/A/DesktopServicesPriv
0x00000000413c0000 	/System/Library/Frameworks/Carbon.framework/Versions/A/Frameworks/HIToolbox.framework/Versions/A/HIToolbox
0x00000000413c0000 	/usr/lib/libicucore.A.dylib
0x00000000413c0000 	/System/Library/Frameworks/QuartzCore.framework/Versions/A/QuartzCore
0x00000000413c0000 	/System/Library/Frameworks/Carbon.framework/Versions/A/Frameworks/SpeechRecognition.framework/Versions/A/SpeechRecognition
0x00000000413c0000 	/usr/lib/libauto.dylib
0x00000000413c0000 	/usr/lib/libxml2.2.dylib
0x00000000413c0000 	/System/Library/PrivateFrameworks/CoreUI.framework/Versions/A/CoreUI
0x00000000413c0000 	/System/Library/Frameworks/CoreAudio.framework/Versions/A/CoreAudio
0x00000000413c0000 	/System/Library/Frameworks/DiskArbitration.framework/Versions/A/DiskArbitration
0x00000000413c0000 	/usr/lib/liblangid.dylib
0x00000000413c0000 	/System/Library/PrivateFrameworks/MultitouchSupport.framework/Versions/A/MultitouchSupport
0x00000000413c0000 	/System/Library/Frameworks/IOKit.framework/Versions/A/IOKit
0x00000000413c0000 	/usr/lib/libDiagnosticMessagesClient.dylib
0x00000000413c0000 	/System/Library/Frameworks/CoreServices.framework/Versions/A/CoreServices
0x00000000413c0000 	/System/Library/PrivateFrameworks/PerformanceAnalysis.framework/Versions/A/PerformanceAnalysis
0x00000000413c0000 	/System/Library/PrivateFrameworks/GenerationalStorage.framework/Versions/A/GenerationalStorage
0x00000000413c0000 	/System/Library/Frameworks/OpenGL.framework/Versions/A/OpenGL
0x00000000413c0000 	/System/Library/Frameworks/CoreImage.framework/Versions/A/CoreImage
0x00000000413c0000 	/System/Library/Frameworks/CoreText.framework/Versions/A/CoreText
0x00000000413c0000 	/System/Library/Frameworks/ImageIO.framework/Versions/A/ImageIO
0x00000000413c0000 	/System/Library/PrivateFrameworks/Backup.framework/Versions/A/Backup
0x00000000413c0000 	/usr/lib/libarchive.2.dylib
0x00000000413c0000 	/System/Library/Frameworks/CFNetwork.framework/Versions/A/CFNetwork
0x00000000413c0000 	/System/Library/Frameworks/SystemConfiguration.framework/Versions/A/SystemConfiguration
0x00000000413c0000 	/usr/lib/libCRFSuite.dylib
0x00000000413c0000 	/usr/lib/libc++.1.dylib
0x00000000413c0000 	/usr/lib/libc++abi.dylib
0x00000000413c0000 	/usr/lib/system/libcache.dylib
0x00000000413c0000 	/usr/lib/system/libcommonCrypto.dylib
0x00000000413c0000 	/usr/lib/system/libcompiler_rt.dylib
0x00000000413c0000 	/usr/lib/system/libcopyfile.dylib
0x00000000413c0000 	/usr/lib/system/libcorecrypto.dylib
0x00000000413c0000 	/usr/lib/system/libdispatch.dylib
0x00000000413c0000 	/usr/lib/system/libdyld.dylib
0x00000000413c0000 	/usr/lib/system/libkeymgr.dylib
0x00000000413c0000 	/usr/lib/system/liblaunch.dylib
0x00000000413c0000 	/usr/lib/system/libmacho.dylib
0x00000000413c0000 	/usr/lib/system/libquarantine.dylib
0x00000000413c0000 	/usr/lib/system/libremovefile.dylib
0x00000000413c0000 	/usr/lib/system/libsystem_asl.dylib
0x00000000413c0000 	/usr/lib/system/libsystem_blocks.dylib
0x00000000413c0000 	/usr/lib/system/libsystem_c.dylib
0x00000000413c0000 	/usr/lib/system/libsystem_configuration.dylib
0x00000000413c0000 	/usr/lib/system/libsystem_coreservices.dylib
0x00000000413c0000 	/usr/lib/system/libsystem_coretls.dylib
0x00000000413c0000 	/usr/lib/system/libsystem_dnssd.dylib
0x00000000413c0000 	/usr/lib/system/libsystem_info.dylib
0x00000000413c0000 	/usr/lib/system/libsystem_kernel.dylib
0x00000000413c0000 	/usr/lib/system/libsystem_m.dylib
0x00000000413c0000 	/usr/lib/system/libsystem_malloc.dylib
0x00000000413c0000 	/usr/lib/system/libsystem_network.dylib
0x00000000413c0000 	/usr/lib/system/libsystem_networkextension.dylib
0x00000000413c0000 	/usr/lib/system/libsystem_notify.dylib
0x00000000413c0000 	/usr/lib/system/libsystem_platform.dylib
0x00000000413c0000 	/usr/lib/system/libsystem_pthread.dylib
0x00000000413c0000 	/usr/lib/system/libsystem_sandbox.dylib
0x00000000413c0000 	/usr/lib/system/libsystem_secinit.dylib
0x00000000413c0000 	/usr/lib/system/libsystem_symptoms.dylib
0x00000000413c0000 	/usr/lib/system/libsystem_trace.dylib
0x00000000413c0000 	/usr/lib/system/libunwind.dylib
0x00000000413c0000 	/usr/lib/system/libxpc.dylib
0x00000000413c0000 	/usr/lib/libbsm.0.dylib
0x00000000413c0000 	/usr/lib/system/libkxld.dylib
0x00000000413c0000 	/usr/lib/libcoretls.dylib
0x00000000413c0000 	/usr/lib/libcoretls_cfhelpers.dylib
0x00000000413c0000 	/usr/lib/libOpenScriptingUtil.dylib
0x00000000413c0000 	/usr/lib/libpam.2.dylib
0x00000000413c0000 	/usr/lib/libsqlite3.dylib
0x00000000413c0000 	/usr/lib/libxar.1.dylib
0x00000000413c0000 	/usr/lib/libbz2.1.0.dylib
0x00000000413c0000 	/usr/lib/liblzma.5.dylib
0x00000000413c0000 	/usr/lib/libnetwork.dylib
0x00000000413c0000 	/usr/lib/libpcap.A.dylib
0x00000000413c0000 	/System/Library/Frameworks/CoreServices.framework/Versions/A/Frameworks/FSEvents.framework/Versions/A/FSEvents
0x00000000413c0000 	/System/Library/Frameworks/CoreServices.framework/Versions/A/Frameworks/CarbonCore.framework/Versions/A/CarbonCore
0x00000000413c0000 	/System/Library/Frameworks/CoreServices.framework/Versions/A/Frameworks/Metadata.framework/Versions/A/Metadata
0x00000000413c0000 	/System/Library/Frameworks/CoreServices.framework/Versions/A/Frameworks/OSServices.framework/Versions/A/OSServices
0x00000000413c0000 	/System/Library/Frameworks/CoreServices.framework/Versions/A/Frameworks/SearchKit.framework/Versions/A/SearchKit
0x00000000413c0000 	/System/Library/Frameworks/CoreServices.framework/Versions/A/Frameworks/AE.framework/Versions/A/AE
0x00000000413c0000 	/System/Library/Frameworks/CoreServices.framework/Versions/A/Frameworks/LaunchServices.framework/Versions/A/LaunchServices
0x00000000413c0000 	/System/Library/Frameworks/CoreServices.framework/Versions/A/Frameworks/DictionaryServices.framework/Versions/A/DictionaryServices
0x00000000413c0000 	/System/Library/Frameworks/CoreServices.framework/Versions/A/Frameworks/SharedFileList.framework/Versions/A/SharedFileList
0x00000000413c0000 	/System/Library/Frameworks/NetFS.framework/Versions/A/NetFS
0x00000000413c0000 	/System/Library/PrivateFrameworks/NetAuth.framework/Versions/A/NetAuth
0x00000000413c0000 	/System/Library/PrivateFrameworks/login.framework/Versions/A/Frameworks/loginsupport.framework/Versions/A/loginsupport
0x00000000413c0000 	/System/Library/PrivateFrameworks/TCC.framework/Versions/A/TCC
0x00000000413c0000 	/usr/lib/libmecabra.dylib
0x00000000413c0000 	/System/Library/Frameworks/ApplicationServices.framework/Versions/A/Frameworks/ATS.framework/Versions/A/ATS
0x00000000413c0000 	/System/Library/Frameworks/ApplicationServices.framework/Versions/A/Frameworks/ColorSync.framework/Versions/A/ColorSync
0x00000000413c0000 	/System/Library/Frameworks/ApplicationServices.framework/Versions/A/Frameworks/HIServices.framework/Versions/A/HIServices
0x00000000413c0000 	/System/Library/Frameworks/ApplicationServices.framework/Versions/A/Frameworks/LangAnalysis.framework/Versions/A/LangAnalysis
0x00000000413c0000 	/System/Library/Frameworks/ApplicationServices.framework/Versions/A/Frameworks/PrintCore.framework/Versions/A/PrintCore
0x00000000413c0000 	/System/Library/Frameworks/ApplicationServices.framework/Versions/A/Frameworks/QD.framework/Versions/A/QD
0x00000000413c0000 	/System/Library/Frameworks/ApplicationServices.framework/Versions/A/Frameworks/SpeechSynthesis.framework/Versions/A/SpeechSynthesis
0x00000000413c0000 	/System/Library/Frameworks/Accelerate.framework/Versions/A/Frameworks/vImage.framework/Versions/A/vImage
0x00000000413c0000 	/System/Library/Frameworks/Accelerate.framework/Versions/A/Frameworks/vecLib.framework/Versions/A/vecLib
0x00000000413c0000 	/System/Library/Frameworks/Accelerate.framework/Versions/A/Frameworks/vecLib.framework/Versions/A/libvDSP.dylib
0x00000000413c0000 	/System/Library/Frameworks/Accelerate.framework/Versions/A/Frameworks/vecLib.framework/Versions/A/libBNNS.dylib
0x00000000413c0000 	/System/Library/Frameworks/Accelerate.framework/Versions/A/Frameworks/vecLib.framework/Versions/A/libQuadrature.dylib
0x00000000413c0000 	/System/Library/Frameworks/Accelerate.framework/Versions/A/Frameworks/vecLib.framework/Versions/A/libvMisc.dylib
0x00000000413c0000 	/System/Library/Frameworks/Accelerate.framework/Versions/A/Frameworks/vecLib.framework/Versions/A/libLAPACK.dylib
0x00000000413c0000 	/System/Library/Frameworks/Accelerate.framework/Versions/A/Frameworks/vecLib.framework/Versions/A/libBLAS.dylib
0x00000000413c0000 	/System/Library/Frameworks/Accelerate.framework/Versions/A/Frameworks/vecLib.framework/Versions/A/libLinearAlgebra.dylib
0x00000000413c0000 	/System/Library/Frameworks/Accelerate.framework/Versions/A/Frameworks/vecLib.framework/Versions/A/libSparseBLAS.dylib
0x00000000413c0000 	/System/Library/Frameworks/ApplicationServices.framework/Versions/A/Frameworks/ATS.framework/Versions/A/Resources/libFontParser.dylib
0x00000000413c0000 	/System/Library/Frameworks/ApplicationServices.framework/Versions/A/Frameworks/ATS.framework/Versions/A/Resources/libFontRegistry.dylib
0x00000000413c0000 	/System/Library/Frameworks/ImageIO.framework/Versions/A/Resources/libJPEG.dylib
0x00000000413c0000 	/System/Library/Frameworks/ImageIO.framework/Versions/A/Resources/libTIFF.dylib
0x00000000413c0000 	/System/Library/Frameworks/ImageIO.framework/Versions/A/Resources/libPng.dylib
0x00000000413c0000 	/System/Library/Frameworks/ImageIO.framework/Versions/A/Resources/libGIF.dylib
0x00000000413c0000 	/System/Library/Frameworks/ImageIO.framework/Versions/A/Resources/libJP2.dylib
0x00000000413c0000 	/System/Library/Frameworks/ImageIO.framework/Versions/A/Resources/libRadiance.dylib
0x00000000413c0000 	/usr/lib/libcompression.dylib
0x00000000413c0000 	/System/Library/PrivateFrameworks/AppleJPEG.framework/Versions/A/AppleJPEG
0x00000000413c0000 	/usr/lib/libcups.2.dylib
0x00000000413c0000 	/System/Library/Frameworks/Kerberos.framework/Versions/A/Kerberos
0x00000000413c0000 	/System/Library/Frameworks/GSS.framework/Versions/A/GSS
0x00000000413c0000 	/usr/lib/libresolv.9.dylib
0x00000000413c0000 	/usr/lib/libiconv.2.dylib
0x00000000413c0000 	/System/Library/PrivateFrameworks/Heimdal.framework/Versions/A/Heimdal
0x00000000413c0000 	/usr/lib/libheimdal-asn1.dylib
0x00000000413c0000 	/System/Library/Frameworks/OpenDirectory.framework/Versions/A/OpenDirectory
0x00000000413c0000 	/System/Library/PrivateFrameworks/CommonAuth.framework/Versions/A/CommonAuth
0x00000000413c0000 	/System/Library/Frameworks/OpenDirectory.framework/Versions/A/Frameworks/CFOpenDirectory.framework/Versions/A/CFOpenDirectory
0x00000000413c0000 	/System/Library/Frameworks/SecurityFoundation.framework/Versions/A/SecurityFoundation
0x00000000413c0000 	/System/Library/PrivateFrameworks/LanguageModeling.framework/Versions/A/LanguageModeling
0x00000000413c0000 	/usr/lib/libmarisa.dylib
0x00000000413c0000 	/usr/lib/libChineseTokenizer.dylib
0x00000000413c0000 	/usr/lib/libcmph.dylib
0x00000000413c0000 	/System/Library/PrivateFrameworks/CoreEmoji.framework/Versions/A/CoreEmoji
0x00000000413c0000 	/System/Library/Frameworks/ServiceManagement.framework/Versions/A/ServiceManagement
0x00000000413c0000 	/usr/lib/libxslt.1.dylib
0x00000000413c0000 	/System/Library/Frameworks/Carbon.framework/Versions/A/Frameworks/Ink.framework/Versions/A/Ink
0x00000000413c0000 	/System/Library/PrivateFrameworks/TextureIO.framework/Versions/A/TextureIO
0x00000000413c0000 	/System/Library/Frameworks/Metal.framework/Versions/A/Metal
0x00000000413c0000 	/usr/lib/libate.dylib
0x00000000413c0000 	/System/Library/PrivateFrameworks/GPUCompiler.framework/libmetal_timestamp.dylib
0x00000000413c0000 	/System/Library/Frameworks/OpenGL.framework/Versions/A/Libraries/libCoreFSCache.dylib
0x00000000413c0000 	/System/Library/PrivateFrameworks/IOAccelerator.framework/Versions/A/IOAccelerator
0x00000000413c0000 	/System/Library/Frameworks/CoreVideo.framework/Versions/A/CoreVideo
0x00000000413c0000 	/usr/lib/libFosl_dynamic.dylib
0x00000000413c0000 	/System/Library/PrivateFrameworks/MetalPerformanceShaders.framework/Versions/A/MetalPerformanceShaders
0x00000000413c0000 	/System/Library/PrivateFrameworks/FaceCore.framework/Versions/A/FaceCore
0x00000000413c0000 	/System/Library/Frameworks/OpenCL.framework/Versions/A/OpenCL
0x00000000413c0000 	/System/Library/Frameworks/OpenGL.framework/Versions/A/Libraries/libGLU.dylib
0x00000000413c0000 	/System/Library/Frameworks/OpenGL.framework/Versions/A/Libraries/libGFXShared.dylib
0x00000000413c0000 	/System/Library/Frameworks/OpenGL.framework/Versions/A/Libraries/libGL.dylib
0x00000000413c0000 	/System/Library/Frameworks/OpenGL.framework/Versions/A/Libraries/libGLImage.dylib
0x00000000413c0000 	/System/Library/Frameworks/OpenGL.framework/Versions/A/Libraries/libCVMSPluginSupport.dylib
0x00000000413c0000 	/System/Library/Frameworks/OpenGL.framework/Versions/A/Libraries/libCoreVMClient.dylib
0x00000000413c0000 	/System/Library/PrivateFrameworks/CrashReporterSupport.framework/Versions/A/CrashReporterSupport
0x00000000413c0000 	/System/Library/PrivateFrameworks/Sharing.framework/Versions/A/Sharing
0x00000000413c0000 	/System/Library/PrivateFrameworks/IconServices.framework/Versions/A/IconServices
0x00000000413c0000 	/System/Library/PrivateFrameworks/ProtocolBuffer.framework/Versions/A/ProtocolBuffer
0x00000000413c0000 	/System/Library/PrivateFrameworks/Apple80211.framework/Versions/A/Apple80211
0x00000000413c0000 	/System/Library/Frameworks/CoreWLAN.framework/Versions/A/CoreWLAN
0x00000000413c0000 	/System/Library/PrivateFrameworks/CoreUtils.framework/Versions/A/CoreUtils
0x00000000413c0000 	/System/Library/Frameworks/IOBluetooth.framework/Versions/A/IOBluetooth
0x00000000413c0000 	/System/Library/PrivateFrameworks/CoreWiFi.framework/Versions/A/CoreWiFi
0x00000000413c0000 	/System/Library/Frameworks/CoreBluetooth.framework/Versions/A/CoreBluetooth
0x00000000413c0000 	/System/Library/Frameworks/CoreDisplay.framework/Versions/A/CoreDisplay
0x00000000413c0000 	/System/Library/PrivateFrameworks/IOPresentment.framework/Versions/A/IOPresentment
0x00000000413c0000 	/System/Library/PrivateFrameworks/DSExternalDisplay.framework/Versions/A/DSExternalDisplay
0x00000000413c0000 	/System/Library/PrivateFrameworks/DebugSymbols.framework/Versions/A/DebugSymbols
0x00000000413c0000 	/System/Library/PrivateFrameworks/CoreSymbolication.framework/Versions/A/CoreSymbolication
0x00000000413c0000 	/System/Library/PrivateFrameworks/Symbolication.framework/Versions/A/Symbolication
0x00000000413c0000 	/System/Library/PrivateFrameworks/AppleFSCompression.framework/Versions/A/AppleFSCompression
0x00000000413c0000 	/System/Library/PrivateFrameworks/SpeechRecognitionCore.framework/Versions/A/SpeechRecognitionCore
0x00000000413c0000 	/System/Library/PrivateFrameworks/ChunkingLibrary.framework/Versions/A/ChunkingLibrary
0x000000010f800000 	/Library/Java/JavaVirtualMachines/jdk1.8.0_40.jdk/Contents/Home/jre/lib/server/libjvm.dylib
0x00000000413c0000 	/usr/lib/libstdc++.6.dylib
0x000000010ef79000 	/Library/Java/JavaVirtualMachines/jdk1.8.0_40.jdk/Contents/Home/jre/lib/libverify.dylib
0x000000010ef87000 	/Library/Java/JavaVirtualMachines/jdk1.8.0_40.jdk/Contents/Home/jre/lib/libjava.dylib
0x000000010efc6000 	/Library/Java/JavaVirtualMachines/jdk1.8.0_40.jdk/Contents/Home/jre/lib/libzip.dylib
0x00000001170a3000 	/System/Library/Frameworks/JavaVM.framework/Frameworks/JavaRuntimeSupport.framework/JavaRuntimeSupport
0x00000001170bd000 	/System/Library/Frameworks/JavaVM.framework/Versions/A/Frameworks/JavaNativeFoundation.framework/Versions/A/JavaNativeFoundation
0x00000001170d2000 	/System/Library/Frameworks/JavaVM.framework/Versions/A/JavaVM
0x00000000413c0000 	/System/Library/Frameworks/Carbon.framework/Versions/A/Carbon
0x00000001170df000 	/System/Library/PrivateFrameworks/JavaLaunching.framework/Versions/A/JavaLaunching
0x00000000413c0000 	/System/Library/Frameworks/Carbon.framework/Versions/A/Frameworks/CommonPanels.framework/Versions/A/CommonPanels
0x00000000413c0000 	/System/Library/Frameworks/Carbon.framework/Versions/A/Frameworks/Help.framework/Versions/A/Help
0x00000000413c0000 	/System/Library/Frameworks/Carbon.framework/Versions/A/Frameworks/ImageCapture.framework/Versions/A/ImageCapture
0x00000000413c0000 	/System/Library/Frameworks/Carbon.framework/Versions/A/Frameworks/OpenScripting.framework/Versions/A/OpenScripting
0x00000000413c0000 	/System/Library/Frameworks/Carbon.framework/Versions/A/Frameworks/Print.framework/Versions/A/Print
0x00000000413c0000 	/System/Library/Frameworks/Carbon.framework/Versions/A/Frameworks/SecurityHI.framework/Versions/A/SecurityHI
0x0000000118aa1000 	/Library/Java/JavaVirtualMachines/jdk1.8.0_40.jdk/Contents/Home/jre/lib/libprism_es2.dylib
0x0000000118b07000 	/System/Library/Frameworks/OpenGL.framework/Resources/GLEngine.bundle/GLEngine
0x00000000413c0000 	/System/Library/Frameworks/OpenGL.framework/Versions/A/Libraries/libGLProgrammability.dylib
0x0000000118cec000 	/System/Library/Extensions/AppleIntelHD5000GraphicsGLDriver.bundle/Contents/MacOS/AppleIntelHD5000GraphicsGLDriver
0x00000000413c0000 	/System/Library/PrivateFrameworks/GPUSupport.framework/Versions/A/Libraries/libGPUSupportMercury.dylib
0x000000011945f000 	/System/Library/Frameworks/OpenGL.framework/Resources//GLRendererFloat.bundle/GLRendererFloat
0x00000000413c0000 	/System/Library/Frameworks/OpenCL.framework/Versions/A/Libraries/libcldcpuengine.dylib
0x00000000413c0000 	/usr/lib/libcrypto.0.9.8.dylib
0x00000000413c0000 	/System/Library/PrivateFrameworks/TrustEvaluationAgent.framework/Versions/A/TrustEvaluationAgent
0x00000001198c2000 	/Library/Java/JavaVirtualMachines/jdk1.8.0_40.jdk/Contents/Home/jre/lib/libglass.dylib
0x00000000413c0000 	/System/Library/PrivateFrameworks/CoreServicesInternal.framework/Versions/A/CoreServicesInternal
0x00000000413c0000 	/System/Library/CoreServices/RawCamera.bundle/Contents/MacOS/RawCamera
0x00000000413c0000 	/System/Library/Frameworks/Accelerate.framework/Versions/A/Frameworks/vImage.framework/Versions/A/Libraries/libCGInterfaces.dylib
0x00000000413c0000 	/System/Library/PrivateFrameworks/FamilyControls.framework/Versions/A/FamilyControls
0x00000000413c0000 	/System/Library/PrivateFrameworks/CommerceKit.framework/Versions/A/Frameworks/CommerceCore.framework/Versions/A/CommerceCore
0x00000000413c0000 	/System/Library/PrivateFrameworks/SystemAdministration.framework/Versions/A/SystemAdministration
0x00000000413c0000 	/System/Library/PrivateFrameworks/AppContainer.framework/Versions/A/AppContainer
0x00000000413c0000 	/System/Library/PrivateFrameworks/SecCodeWrapper.framework/Versions/A/SecCodeWrapper
0x00000000413c0000 	/System/Library/Frameworks/DirectoryService.framework/Versions/A/DirectoryService
0x00000000413c0000 	/System/Library/PrivateFrameworks/DiskImages.framework/Versions/A/DiskImages
0x00000000413c0000 	/System/Library/PrivateFrameworks/LoginUIKit.framework/Versions/A/Frameworks/LoginUICore.framework/Versions/A/LoginUICore
0x00000000413c0000 	/usr/lib/libCoreStorage.dylib
0x00000000413c0000 	/usr/lib/libcsfde.dylib
0x00000000413c0000 	/usr/lib/libodfde.dylib
0x00000000413c0000 	/System/Library/Frameworks/DiscRecording.framework/Versions/A/DiscRecording
0x00000000413c0000 	/usr/lib/libcurl.4.dylib
0x00000000413c0000 	/System/Library/PrivateFrameworks/MediaKit.framework/Versions/A/MediaKit
0x00000000413c0000 	/System/Library/PrivateFrameworks/ProtectedCloudStorage.framework/Versions/A/ProtectedCloudStorage
0x00000000413c0000 	/System/Library/PrivateFrameworks/EFILogin.framework/Versions/A/EFILogin
0x00000000413c0000 	/usr/lib/libutil.dylib
0x00000000413c0000 	/System/Library/Frameworks/LDAP.framework/Versions/A/LDAP
0x00000000413c0000 	/usr/lib/libsasl2.2.dylib
0x00000000413c0000 	/System/Library/PrivateFrameworks/CoreDaemon.framework/Versions/B/CoreDaemon
0x00000000413c0000 	/System/Library/PrivateFrameworks/AppleSRP.framework/Versions/A/AppleSRP
0x00000000413c0000 	/System/Library/PrivateFrameworks/APFS.framework/Versions/A/APFS
0x000000012923b000 	/Library/Java/JavaVirtualMachines/jdk1.8.0_40.jdk/Contents/Home/jre/lib/libjavafx_font.dylib
0x00000000413c0000 	/System/Library/Frameworks/ApplicationServices.framework/Versions/A/Frameworks/ATS.framework/Versions/A/Resources/libTrueTypeScaler.dylib
0x000000012d3ae000 	/Library/Java/JavaVirtualMachines/jdk1.8.0_40.jdk/Contents/Home/jre/lib/libnet.dylib
0x000000012f62c000 	/System/Library/Extensions/AppleIntelHD5000GraphicsMTLDriver.bundle/Contents/MacOS/AppleIntelHD5000GraphicsMTLDriver
0x000000012fa5e000 	/Library/Java/JavaVirtualMachines/jdk1.8.0_40.jdk/Contents/Home/jre/lib/libprism_common.dylib
0x00000000413c0000 	/System/Library/PrivateFrameworks/ViewBridge.framework/Versions/A/ViewBridge
0x00000000413c0000 	/System/Library/PrivateFrameworks/XPCService.framework/Versions/A/XPCService
0x00000000413c0000 	/System/Library/PrivateFrameworks/AppSandbox.framework/Versions/A/AppSandbox
0x00000000413c0000 	/usr/lib/libsandbox.1.dylib
0x00000000413c0000 	/usr/lib/libMatch.1.dylib
0x00000001330fc000 	/Library/Java/JavaVirtualMachines/jdk1.8.0_40.jdk/Contents/Home/jre/lib/libjfxwebkit.dylib
0x000000012fe80000 	/Library/Java/JavaVirtualMachines/jdk1.8.0_40.jdk/Contents/Home/jre/lib/libnio.dylib
0x000000012b9ec000 	/Library/Java/JavaVirtualMachines/jdk1.8.0_40.jdk/Contents/Home/jre/lib/libsunec.dylib

VM Arguments:
jvm_args: -Dfile.encoding=UTF-8 
java_command: application.Main
java_class_path (initial): /Library/Java/JavaVirtualMachines/jdk1.8.0_40.jdk/Contents/Home/jre/lib/resources.jar:/Library/Java/JavaVirtualMachines/jdk1.8.0_40.jdk/Contents/Home/jre/lib/rt.jar:/Library/Java/JavaVirtualMachines/jdk1.8.0_40.jdk/Contents/Home/jre/lib/jsse.jar:/Library/Java/JavaVirtualMachines/jdk1.8.0_40.jdk/Contents/Home/jre/lib/jce.jar:/Library/Java/JavaVirtualMachines/jdk1.8.0_40.jdk/Contents/Home/jre/lib/charsets.jar:/Library/Java/JavaVirtualMachines/jdk1.8.0_40.jdk/Contents/Home/jre/lib/jfr.jar:/Library/Java/JavaVirtualMachines/jdk1.8.0_40.jdk/Contents/Home/jre/lib/ext/cldrdata.jar:/Library/Java/JavaVirtualMachines/jdk1.8.0_40.jdk/Contents/Home/jre/lib/ext/dnsns.jar:/Library/Java/JavaVirtualMachines/jdk1.8.0_40.jdk/Contents/Home/jre/lib/ext/jfxrt.jar:/Library/Java/JavaVirtualMachines/jdk1.8.0_40.jdk/Contents/Home/jre/lib/ext/localedata.jar:/Library/Java/JavaVirtualMachines/jdk1.8.0_40.jdk/Contents/Home/jre/lib/ext/nashorn.jar:/Library/Java/JavaVirtualMachines/jdk1.8.0_40.jdk/Contents/Home/jre/lib/ext/sunec.jar:/Library/Java/JavaVirtualMachines/jdk1.8.0_40.jdk/Contents/Home/jre/lib/ext/sunjce_provider.jar:/Library/Java/JavaVirtualMachines/jdk1.8.0_40.jdk/Contents/Home/jre/lib/ext/sunpkcs11.jar:/Library/Java/JavaVirtualMachines/jdk1.8.0_40.jdk/Contents/Home/jre/lib/ext/zipfs.jar:/System/Library/Java/Extensions/MRJToolkit.jar:/Users/ALEX/Documents/workspace/MotorolaApp/bin:/Users/ALEX/.p2/pool/plugins/org.eclipse.fx.ide.css.jfx8_3.4.1.201810030906.jar
Launcher Type: SUN_STANDARD

Environment Variables:
PATH=/usr/bin:/bin:/usr/sbin:/sbin
SHELL=/bin/bash

Signal Handlers:
SIGSEGV: [libjvm.dylib+0x58ef95], sa_mask[0]=11111111011111110111111111111111, sa_flags=SA_ONSTACK|SA_RESTART|SA_SIGINFO
SIGBUS: [libjvm.dylib+0x58ef95], sa_mask[0]=11111111011111110111111111111111, sa_flags=SA_RESTART|SA_SIGINFO
SIGFPE: [libjvm.dylib+0x46c118], sa_mask[0]=11111111011111110111111111111111, sa_flags=SA_RESTART|SA_SIGINFO
SIGPIPE: [libjvm.dylib+0x46c118], sa_mask[0]=11111111011111110111111111111111, sa_flags=SA_RESTART|SA_SIGINFO
SIGXFSZ: [libjvm.dylib+0x46c118], sa_mask[0]=11111111011111110111111111111111, sa_flags=SA_RESTART|SA_SIGINFO
SIGILL: [libjvm.dylib+0x46c118], sa_mask[0]=11111111011111110111111111111111, sa_flags=SA_RESTART|SA_SIGINFO
SIGUSR1: SIG_DFL, sa_mask[0]=00000000000000000000000000000000, sa_flags=none
SIGUSR2: [libjvm.dylib+0x46bc36], sa_mask[0]=00100000000000000000000000000000, sa_flags=SA_RESTART|SA_SIGINFO
SIGHUP: [libjvm.dylib+0x46a209], sa_mask[0]=11111111011111110111111111111111, sa_flags=SA_RESTART|SA_SIGINFO
SIGINT: [libjvm.dylib+0x46a209], sa_mask[0]=11111111011111110111111111111111, sa_flags=SA_RESTART|SA_SIGINFO
SIGTERM: [libjvm.dylib+0x46a209], sa_mask[0]=11111111011111110111111111111111, sa_flags=SA_RESTART|SA_SIGINFO
SIGQUIT: [libjvm.dylib+0x46a209], sa_mask[0]=11111111011111110111111111111111, sa_flags=SA_RESTART|SA_SIGINFO


---------------  S Y S T E M  ---------------

OS:Bsduname:Darwin 16.7.0 Darwin Kernel Version 16.7.0: Thu Jun 21 20:07:39 PDT 2018; root:xnu-3789.73.14~1/RELEASE_X86_64 x86_64
rlimit: STACK 8192k, CORE 0k, NPROC 709, NOFILE 10240, AS infinity
load average:2.33 2.02 2.30

CPU:total 4 (2 cores per cpu, 2 threads per core) family 6 model 69 stepping 1, cmov, cx8, fxsr, mmx, sse, sse2, sse3, ssse3, sse4.1, sse4.2, popcnt, avx, avx2, aes, clmul, erms, lzcnt, ht, tsc, tscinvbit, bmi1, bmi2

Memory: 4k page, physical 8388608k(22576k free)

/proc/meminfo:


vm_info: Java HotSpot(TM) 64-Bit Server VM (25.40-b25) for bsd-amd64 JRE (1.8.0_40-b25), built on Feb 10 2015 21:07:25 by "java_re" with gcc 4.2.1 (Based on Apple Inc. build 5658) (LLVM build 2336.11.00)

time: Wed Aug  7 14:41:24 2019
elapsed time: 57 seconds (0d 0h 0m 57s)

