#
# A fatal error has been detected by the Java Runtime Environment:
#
#  SIGSEGV (0xb) at pc=0x000000011c1725dd, pid=2069, tid=775
#
# JRE version: Java(TM) SE Runtime Environment (8.0_40-b25) (build 1.8.0_40-b25)
# Java VM: Java HotSpot(TM) 64-Bit Server VM (25.40-b25 mixed mode bsd-amd64 compressed oops)
# Problematic frame:
# C  [libglass.dylib+0x155dd]  GlassScreenDidChangeScreenParameters+0x9d
#
# Failed to write core dump. Core dumps have been disabled. To enable core dumping, try "ulimit -c unlimited" before starting Java again
#
# If you would like to submit a bug report, please visit:
#   http://bugreport.java.com/bugreport/crash.jsp
#

---------------  T H R E A D  ---------------

Current thread is native thread

siginfo: si_signo: 11 (SIGSEGV), si_code: 1 (SEGV_MAPERR), si_addr: 0x0000000000000000

Registers:
RAX=0x000000011c1a4bc0, RBX=0x0000000000000000, RCX=0x0000000000000103, RDX=0x00007fcd11eb32e0
RSP=0x00007fff5d4f0600, RBP=0x00007fff5d4f0610, RSI=0x00007fcd0cd0ba80, RDI=0x0000000000000000
R8 =0x0000000000000040, R9 =0x00007fffc0f22040, R10=0xffffffffffffffff, R11=0x0000000000012068
R12=0x0000000000000000, R13=0x00007fcd0cc8a880, R14=0x00007fcd0cd54a30, R15=0x0000000000000000
RIP=0x000000011c1725dd, EFLAGS=0x0000000000010202, ERR=0x0000000000000004
  TRAPNO=0x000000000000000e

Top of Stack: (sp=0x00007fff5d4f0600)
0x00007fff5d4f0600:   00007fcd0cc8a8c0 00007fcd0cd54a30
0x00007fff5d4f0610:   00007fff5d4f0620 00007fffa282145c
0x00007fff5d4f0620:   00007fff5d4f0690 00007fffa282135b
0x00007fff5d4f0630:   0000000102728000 00007fffc0f1d060
0x00007fff5d4f0640:   00000000c2000000 00007fffa28213b0
0x00007fff5d4f0650:   00007fffbd782680 00007fcd0cc8a880
0x00007fff5d4f0660:   00007fcd0cd54a30 00007fff5d4f0e58
0x00007fff5d4f0670:   00007fffb76c8040 00007fff5d4f0760
0x00007fff5d4f0680:   00007fcd0cc8a880 00007fffa0f2105a
0x00007fff5d4f0690:   00007fff5d4f06d0 00007fffa28210c2
0x00007fff5d4f06a0:   00007fff5d4f0ca0 0000000000000000
0x00007fff5d4f06b0:   00007fffb76c8040 00007fff5d4f0760
0x00007fff5d4f06c0:   00007fff5d4f0e58 00007fffa0f2105a
0x00007fff5d4f06d0:   00007fff5d4f0df0 00007fffa27de523
0x00007fff5d4f06e0:   00007fff5d4f0700 00007fffa27a0870
0x00007fff5d4f06f0:   00007fcd0cf3f0d0 00007fff5d4f0d40
0x00007fff5d4f0700:   00007fcd0cd15ba0 00007fffbd783cb0
0x00007fff5d4f0710:   0000000000000000 00007fcd0d8dc078
0x00007fff5d4f0720:   00007fcd0cd15b01 00007fcd0cc5e080
0x00007fff5d4f0730:   00007fffbd8b60e0 0000000000000000
0x00007fff5d4f0740:   00007fcd0cc8a8f0 0000000000000000
0x00007fff5d4f0750:   0000000000000000 00007fffbd7c2900
0x00007fff5d4f0760:   00007fff5d4f0ca0 0000000000000001
0x00007fff5d4f0770:   0000000000000100 00007fff5d4f0700
0x00007fff5d4f0780:   00007fff5d4f0ba0 0000000000000000
0x00007fff5d4f0790:   0000000000000100 00007fffbd7c3e00
0x00007fff5d4f07a0:   00007fff5d4f0d40 0000000000000001
0x00007fff5d4f07b0:   00007fff5d4f07f0 00007fffa27d91cc
0x00007fff5d4f07c0:   000000000000000d 00007fcd0cf3f0d0
0x00007fff5d4f07d0:   00007fcd0cf3f0d0 00007fffbd7c3e80
0x00007fff5d4f07e0:   00007fcd0cc06f00 0000000000000001
0x00007fff5d4f07f0:   00007fff5d4f0e70 00007fffa27d8ce9 

Instructions: (pc=0x000000011c1725dd)
0x000000011c1725bd:   89 df 4c 89 f1 41 ff 90 68 04 00 00 48 8d 05 f8
0x000000011c1725cd:   24 03 00 48 8b 30 48 8d 05 e6 25 03 00 48 8b 10
0x000000011c1725dd:   48 8b 0b 30 c0 48 89 df ff 91 68 04 00 00 48 8b
0x000000011c1725ed:   03 48 89 df ff 50 78 48 85 c0 74 36 49 89 c6 48 

Register to memory mapping:

RAX=0x000000011c1a4bc0: jScreenNotifySettingsChanged+0 in /Library/Java/JavaVirtualMachines/jdk1.8.0_40.jdk/Contents/Home/jre/lib/libglass.dylib at 0x000000011c15d000
RBX=0x0000000000000000 is an unknown value
RCX=0x0000000000000103 is an unknown value
RDX=0x00007fcd11eb32e0 is an unknown value
RSP=0x00007fff5d4f0600 is an unknown value
RBP=0x00007fff5d4f0610 is an unknown value
RSI=0x00007fcd0cd0ba80 is a global jni handle
RDI=0x0000000000000000 is an unknown value
R8 =0x0000000000000040 is an unknown value
R9 =0x00007fffc0f22040: __sFX+0x1c0 in /usr/lib/system/libsystem_c.dylib at 0x00007fffb8045000
R10=0xffffffffffffffff is an unknown value
R11=0x0000000000012068 is an unknown value
R12=0x0000000000000000 is an unknown value
R13=0x00007fcd0cc8a880 is an unknown value
R14=0x00007fcd0cd54a30 is an unknown value
R15=0x0000000000000000 is an unknown value


Stack: [0x00007fff5ccf4000,0x00007fff5d4f4000],  sp=0x00007fff5d4f0600,  free space=8177k
Native frames: (J=compiled Java code, j=interpreted, Vv=VM code, C=native code)
C  [libglass.dylib+0x155dd]  GlassScreenDidChangeScreenParameters+0x9d
C  [CoreFoundation+0x9d45c]  __CFNOTIFICATIONCENTER_IS_CALLING_OUT_TO_AN_OBSERVER__+0xc
C  [CoreFoundation+0x9d35b]  _CFXRegistrationPost+0x1ab
C  [CoreFoundation+0x9d0c2]  ___CFXNotificationPost_block_invoke+0x32
C  [CoreFoundation+0x5a523]  -[_CFXNotificationRegistrar find:object:observer:enumerator:]+0x723
C  [CoreFoundation+0x5955c]  _CFXNotificationPost+0x25c
C  [Foundation+0x6677]  -[NSNotificationCenter postNotificationName:object:userInfo:]+0x42
C  [AppKit+0x3f0ba2]  -[NSApplication _reactToScreenInvalidationImmediately:]+0x18f
C  [AppKit+0x3f09df]  __44-[NSApplication _reactToScreenInvalidation:]_block_invoke+0x3b
C  [CoreFoundation+0xa717c]  __CFRUNLOOP_IS_CALLING_OUT_TO_A_BLOCK__+0xc
C  [CoreFoundation+0x87f84]  __CFRunLoopDoBlocks+0x164
C  [CoreFoundation+0x87ac6]  __CFRunLoopRun+0x756
C  [CoreFoundation+0x87114]  CFRunLoopRunSpecific+0x1a4
C  [java+0x6490]  CreateExecutionEnvironment+0x367
C  [java+0x221c]  JLI_Launch+0x7a0
C  [java+0x84ed]  main+0x65
C  [java+0x1a74]  start+0x34


---------------  P R O C E S S  ---------------

VM state:not at safepoint (normal execution)

VM Mutex/Monitor currently owned by a thread: None

Heap:
 PSYoungGen      total 25600K, used 1167K [0x0000000795580000, 0x0000000797000000, 0x00000007c0000000)
  eden space 24064K, 4% used [0x0000000795580000,0x000000079568be80,0x0000000796d00000)
  from space 1536K, 6% used [0x0000000796d00000,0x0000000796d18000,0x0000000796e80000)
  to   space 1536K, 0% used [0x0000000796e80000,0x0000000796e80000,0x0000000797000000)
 ParOldGen       total 47104K, used 16569K [0x0000000740000000, 0x0000000742e00000, 0x0000000795580000)
  object space 47104K, 35% used [0x0000000740000000,0x000000074102e7d8,0x0000000742e00000)
 Metaspace       used 21239K, capacity 22384K, committed 22656K, reserved 1069056K
  class space    used 2893K, capacity 3165K, committed 3200K, reserved 1048576K

Card table byte_map: [0x0000000113506000,0x0000000113907000] byte_map_base: 0x000000010fb06000

Marking Bits: (ParMarkBitMap*) 0x0000000103a9f7a0
 Begin Bits: [0x0000000113bb2000, 0x0000000115bb2000)
 End Bits:   [0x0000000115bb2000, 0x0000000117bb2000)

Polling page: 0x00000001027cc000

CodeCache: size=245760Kb used=10480Kb max_used=10480Kb free=235279Kb
 bounds [0x0000000104146000, 0x0000000104b96000, 0x0000000113146000]
 total_blobs=4186 nmethods=3455 adapters=643
 compilation: enabled

Compilation events (10 events):
Event: 22733.227 Thread 0x00007fcd0e803800 3832       3       java.lang.invoke.MemberName::isVarargs (23 bytes)
Event: 22733.227 Thread 0x00007fcd0e803800 nmethod 3832 0x000000010464ea90 code [0x000000010464ec20, 0x000000010464f170]
Event: 22734.284 Thread 0x00007fcd0e803800 3833       3       java.lang.reflect.Constructor::setConstructorAccessor (21 bytes)
Event: 22734.285 Thread 0x00007fcd0e803800 nmethod 3833 0x00000001046598d0 code [0x0000000104659a40, 0x0000000104659e08]
Event: 22734.307 Thread 0x00007fcd0e803800 3834       3       java.lang.StringBuilder::append (6 bytes)
Event: 22734.308 Thread 0x00007fcd0e803800 nmethod 3834 0x0000000104659410 code [0x0000000104659580, 0x00000001046597e8]
Event: 22734.308 Thread 0x00007fcd0e803800 3835       3       java.lang.StringBuilder::append (6 bytes)
Event: 22734.308 Thread 0x00007fcd0e803800 nmethod 3835 0x00000001046b7450 code [0x00000001046b75c0, 0x00000001046b7828]
Event: 22734.314 Thread 0x00007fcd0e803800 3836   !   3       java.lang.invoke.MethodHandles$Lookup::canBeCached (146 bytes)
Event: 22734.324 Thread 0x00007fcd0e803800 nmethod 3836 0x0000000104b8afd0 code [0x0000000104b8b440, 0x0000000104b8e588]

GC Heap History (10 events):
Event: 21092.135 GC heap before
{Heap before GC invocations=54 (full 1):
 PSYoungGen      total 26112K, used 24160K [0x0000000795580000, 0x0000000797100000, 0x00000007c0000000)
  eden space 24064K, 100% used [0x0000000795580000,0x0000000796d00000,0x0000000796d00000)
  from space 2048K, 4% used [0x0000000796f00000,0x0000000796f18000,0x0000000797100000)
  to   space 2048K, 0% used [0x0000000796d00000,0x0000000796d00000,0x0000000796f00000)
 ParOldGen       total 47104K, used 16569K [0x0000000740000000, 0x0000000742e00000, 0x0000000795580000)
  object space 47104K, 35% used [0x0000000740000000,0x000000074102e7d8,0x0000000742e00000)
 Metaspace       used 21202K, capacity 22334K, committed 22400K, reserved 1069056K
  class space    used 2887K, capacity 3154K, committed 3200K, reserved 1048576K
Event: 21092.136 GC heap after
Heap after GC invocations=54 (full 1):
 PSYoungGen      total 26112K, used 96K [0x0000000795580000, 0x0000000797100000, 0x00000007c0000000)
  eden space 24064K, 0% used [0x0000000795580000,0x0000000795580000,0x0000000796d00000)
  from space 2048K, 4% used [0x0000000796d00000,0x0000000796d18000,0x0000000796f00000)
  to   space 2048K, 0% used [0x0000000796f00000,0x0000000796f00000,0x0000000797100000)
 ParOldGen       total 47104K, used 16569K [0x0000000740000000, 0x0000000742e00000, 0x0000000795580000)
  object space 47104K, 35% used [0x0000000740000000,0x000000074102e7d8,0x0000000742e00000)
 Metaspace       used 21202K, capacity 22334K, committed 22400K, reserved 1069056K
  class space    used 2887K, capacity 3154K, committed 3200K, reserved 1048576K
}
Event: 21496.499 GC heap before
{Heap before GC invocations=55 (full 1):
 PSYoungGen      total 26112K, used 24160K [0x0000000795580000, 0x0000000797100000, 0x00000007c0000000)
  eden space 24064K, 100% used [0x0000000795580000,0x0000000796d00000,0x0000000796d00000)
  from space 2048K, 4% used [0x0000000796d00000,0x0000000796d18000,0x0000000796f00000)
  to   space 2048K, 0% used [0x0000000796f00000,0x0000000796f00000,0x0000000797100000)
 ParOldGen       total 47104K, used 16569K [0x0000000740000000, 0x0000000742e00000, 0x0000000795580000)
  object space 47104K, 35% used [0x0000000740000000,0x000000074102e7d8,0x0000000742e00000)
 Metaspace       used 21202K, capacity 22334K, committed 22400K, reserved 1069056K
  class space    used 2887K, capacity 3154K, committed 3200K, reserved 1048576K
Event: 21496.501 GC heap after
Heap after GC invocations=55 (full 1):
 PSYoungGen      total 25088K, used 96K [0x0000000795580000, 0x0000000797000000, 0x00000007c0000000)
  eden space 24064K, 0% used [0x0000000795580000,0x0000000795580000,0x0000000796d00000)
  from space 1024K, 9% used [0x0000000796f00000,0x0000000796f18000,0x0000000797000000)
  to   space 1536K, 0% used [0x0000000796d00000,0x0000000796d00000,0x0000000796e80000)
 ParOldGen       total 47104K, used 16569K [0x0000000740000000, 0x0000000742e00000, 0x0000000795580000)
  object space 47104K, 35% used [0x0000000740000000,0x000000074102e7d8,0x0000000742e00000)
 Metaspace       used 21202K, capacity 22334K, committed 22400K, reserved 1069056K
  class space    used 2887K, capacity 3154K, committed 3200K, reserved 1048576K
}
Event: 21900.931 GC heap before
{Heap before GC invocations=56 (full 1):
 PSYoungGen      total 25088K, used 24160K [0x0000000795580000, 0x0000000797000000, 0x00000007c0000000)
  eden space 24064K, 100% used [0x0000000795580000,0x0000000796d00000,0x0000000796d00000)
  from space 1024K, 9% used [0x0000000796f00000,0x0000000796f18000,0x0000000797000000)
  to   space 1536K, 0% used [0x0000000796d00000,0x0000000796d00000,0x0000000796e80000)
 ParOldGen       total 47104K, used 16569K [0x0000000740000000, 0x0000000742e00000, 0x0000000795580000)
  object space 47104K, 35% used [0x0000000740000000,0x000000074102e7d8,0x0000000742e00000)
 Metaspace       used 21202K, capacity 22334K, committed 22400K, reserved 1069056K
  class space    used 2887K, capacity 3154K, committed 3200K, reserved 1048576K
Event: 21900.933 GC heap after
Heap after GC invocations=56 (full 1):
 PSYoungGen      total 25600K, used 96K [0x0000000795580000, 0x0000000797000000, 0x00000007c0000000)
  eden space 24064K, 0% used [0x0000000795580000,0x0000000795580000,0x0000000796d00000)
  from space 1536K, 6% used [0x0000000796d00000,0x0000000796d18000,0x0000000796e80000)
  to   space 1536K, 0% used [0x0000000796e80000,0x0000000796e80000,0x0000000797000000)
 ParOldGen       total 47104K, used 16569K [0x0000000740000000, 0x0000000742e00000, 0x0000000795580000)
  object space 47104K, 35% used [0x0000000740000000,0x000000074102e7d8,0x0000000742e00000)
 Metaspace       used 21202K, capacity 22334K, committed 22400K, reserved 1069056K
  class space    used 2887K, capacity 3154K, committed 3200K, reserved 1048576K
}
Event: 22332.530 GC heap before
{Heap before GC invocations=57 (full 1):
 PSYoungGen      total 25600K, used 24160K [0x0000000795580000, 0x0000000797000000, 0x00000007c0000000)
  eden space 24064K, 100% used [0x0000000795580000,0x0000000796d00000,0x0000000796d00000)
  from space 1536K, 6% used [0x0000000796d00000,0x0000000796d18000,0x0000000796e80000)
  to   space 1536K, 0% used [0x0000000796e80000,0x0000000796e80000,0x0000000797000000)
 ParOldGen       total 47104K, used 16569K [0x0000000740000000, 0x0000000742e00000, 0x0000000795580000)
  object space 47104K, 35% used [0x0000000740000000,0x000000074102e7d8,0x0000000742e00000)
 Metaspace       used 21202K, capacity 22334K, committed 22400K, reserved 1069056K
  class space    used 2887K, capacity 3154K, committed 3200K, reserved 1048576K
Event: 22332.550 GC heap after
Heap after GC invocations=57 (full 1):
 PSYoungGen      total 25600K, used 96K [0x0000000795580000, 0x0000000797000000, 0x00000007c0000000)
  eden space 24064K, 0% used [0x0000000795580000,0x0000000795580000,0x0000000796d00000)
  from space 1536K, 6% used [0x0000000796e80000,0x0000000796e98000,0x0000000797000000)
  to   space 1536K, 0% used [0x0000000796d00000,0x0000000796d00000,0x0000000796e80000)
 ParOldGen       total 47104K, used 16569K [0x0000000740000000, 0x0000000742e00000, 0x0000000795580000)
  object space 47104K, 35% used [0x0000000740000000,0x000000074102e7d8,0x0000000742e00000)
 Metaspace       used 21202K, capacity 22334K, committed 22400K, reserved 1069056K
  class space    used 2887K, capacity 3154K, committed 3200K, reserved 1048576K
}
Event: 22732.064 GC heap before
{Heap before GC invocations=58 (full 1):
 PSYoungGen      total 25600K, used 24160K [0x0000000795580000, 0x0000000797000000, 0x00000007c0000000)
  eden space 24064K, 100% used [0x0000000795580000,0x0000000796d00000,0x0000000796d00000)
  from space 1536K, 6% used [0x0000000796e80000,0x0000000796e98000,0x0000000797000000)
  to   space 1536K, 0% used [0x0000000796d00000,0x0000000796d00000,0x0000000796e80000)
 ParOldGen       total 47104K, used 16569K [0x0000000740000000, 0x0000000742e00000, 0x0000000795580000)
  object space 47104K, 35% used [0x0000000740000000,0x000000074102e7d8,0x0000000742e00000)
 Metaspace       used 21205K, capacity 22334K, committed 22400K, reserved 1069056K
  class space    used 2887K, capacity 3154K, committed 3200K, reserved 1048576K
Event: 22732.065 GC heap after
Heap after GC invocations=58 (full 1):
 PSYoungGen      total 25600K, used 96K [0x0000000795580000, 0x0000000797000000, 0x00000007c0000000)
  eden space 24064K, 0% used [0x0000000795580000,0x0000000795580000,0x0000000796d00000)
  from space 1536K, 6% used [0x0000000796d00000,0x0000000796d18000,0x0000000796e80000)
  to   space 1536K, 0% used [0x0000000796e80000,0x0000000796e80000,0x0000000797000000)
 ParOldGen       total 47104K, used 16569K [0x0000000740000000, 0x0000000742e00000, 0x0000000795580000)
  object space 47104K, 35% used [0x0000000740000000,0x000000074102e7d8,0x0000000742e00000)
 Metaspace       used 21205K, capacity 22334K, committed 22400K, reserved 1069056K
  class space    used 2887K, capacity 3154K, committed 3200K, reserved 1048576K
}

Deoptimization events (10 events):
Event: 11.829 Thread 0x00007fcd0d8d8800 Uncommon trap: reason=unstable_if action=reinterpret pc=0x00000001045a6f14 method=com.sun.javafx.iio.png.PNGImageLoader2.copy([B[BIII)V @ 10
Event: 12.033 Thread 0x00007fcd0d8d8800 Uncommon trap: reason=unstable_if action=reinterpret pc=0x000000010484728c method=javafx.scene.Node.impl_intersectsBounds(Lcom/sun/javafx/geom/PickRay;)D @ 902
Event: 14.497 Thread 0x00007fcd0d8c9800 Uncommon trap: reason=unstable_if action=reinterpret pc=0x00000001044b27dc method=com.sun.prism.es2.GLContext.updateViewportAndDepthTest(IIIIZ)V @ 30
Event: 14.497 Thread 0x00007fcd0d8c9800 Uncommon trap: reason=unstable_if action=reinterpret pc=0x00000001043687a8 method=com.sun.prism.es2.GLContext.updateBoundTexture(I)V @ 5
Event: 19.081 Thread 0x00007fcd0d8c9800 Uncommon trap: reason=unstable_if action=reinterpret pc=0x0000000104a27844 method=com.sun.prism.impl.ManagedResource._isgone(Lcom/sun/prism/impl/ManagedResource;)Z @ 1
Event: 32.735 Thread 0x00007fcd0da6c800 Uncommon trap: reason=unstable_if action=reinterpret pc=0x0000000104b170c8 method=java.util.logging.Logger.log(Ljava/util/logging/Level;Ljava/lang/String;)V @ 5
Event: 22730.653 Thread 0x00007fcd0e8b2800 Uncommon trap: reason=class_check action=maybe_recompile pc=0x0000000104b86e00 method=com.sun.glass.ui.InvokeLaterDispatcher.run()V @ 9
Event: 22734.300 Thread 0x00007fcd0d8d8800 Uncommon trap: reason=unstable_if action=reinterpret pc=0x0000000104b726dc method=javafx.scene.web.WebView.handleStagePulse()V @ 42
Event: 22734.309 Thread 0x00007fcd0d8d8800 Uncommon trap: reason=unstable_if action=reinterpret pc=0x0000000104b62f80 method=javafx.scene.web.WebView.handleStagePulse()V @ 42
Event: 22734.314 Thread 0x00007fcd0d8d8800 Uncommon trap: reason=unstable_if action=reinterpret pc=0x000000010481f764 method=java.util.concurrent.locks.ReentrantLock$Sync.tryRelease(I)Z @ 28

Internal exceptions (10 events):
Event: 3.178 Thread 0x00007fcd0d8d8800 Exception <a 'java/lang/reflect/InvocationTargetException'> (0x00000007962a72b0) thrown at [/Users/java_re/workspace/8-2-build-macosx-x86_64/jdk8u40/2855/hotspot/src/share/vm/runtime/reflection.cpp, line 1080]
Event: 3.178 Thread 0x00007fcd0d8d8800 Exception <a 'java/lang/RuntimeException'> (0x00000007962a7940) thrown at [/Users/java_re/workspace/8-2-build-macosx-x86_64/jdk8u40/2855/hotspot/src/share/vm/prims/jvm.cpp, line 1386]
Event: 10.164 Thread 0x00007fcd0d8d8800 Exception <a 'sun/nio/fs/UnixException'> (0x00000007967aa278) thrown at [/Users/java_re/workspace/8-2-build-macosx-x86_64/jdk8u40/2855/hotspot/src/share/vm/prims/jni.cpp, line 709]
Event: 10.166 Thread 0x00007fcd0d8d8800 Exception <a 'sun/nio/fs/UnixException'> (0x00000007967ac530) thrown at [/Users/java_re/workspace/8-2-build-macosx-x86_64/jdk8u40/2855/hotspot/src/share/vm/prims/jni.cpp, line 709]
Event: 10.178 Thread 0x00007fcd0d8d8800 Implicit null exception at 0x0000000104444835 to 0x0000000104444ba1
Event: 10.186 Thread 0x00007fcd0db32800 Implicit null exception at 0x000000010439e3f5 to 0x000000010439e755
Event: 10.193 Thread 0x00007fcd0db32800 Implicit null exception at 0x0000000104402c3a to 0x0000000104403041
Event: 11.769 Thread 0x00007fcd0db32800 Exception <a 'java/io/FileNotFoundException'> (0x00000007961a0018) thrown at [/Users/java_re/workspace/8-2-build-macosx-x86_64/jdk8u40/2855/hotspot/src/share/vm/prims/jni.cpp, line 709]
Event: 11.769 Thread 0x00007fcd0db32800 Exception <a 'java/io/FileNotFoundException'> (0x00000007961a0a60) thrown at [/Users/java_re/workspace/8-2-build-macosx-x86_64/jdk8u40/2855/hotspot/src/share/vm/prims/jni.cpp, line 709]
Event: 19.081 Thread 0x00007fcd0d8c9800 Implicit null exception at 0x0000000104a277ec to 0x0000000104a27835

Events (10 events):
Event: 22734.314 Thread 0x00007fcd0d8d8800 Uncommon trap: trap_request=0xffffff65 fr.pc=0x000000010481f764
Event: 22734.314 Thread 0x00007fcd0d8d8800 DEOPT PACKING pc=0x000000010481f764 sp=0x00007fff5d4ed8f0
Event: 22734.314 Thread 0x00007fcd0d8d8800 DEOPT UNPACKING pc=0x000000010414b229 sp=0x00007fff5d4ed7e0 mode 2
Event: 22734.314 loading class com/sun/javafx/tk/quantum/QuantumToolkit
Event: 22734.314 loading class com/sun/javafx/tk/quantum/QuantumToolkit done
Event: 22734.315 Thread 0x00007fcd0d8c9800 Thread exited: 0x00007fcd0d8c9800
Event: 22734.317 Thread 0x00007fcd0e0f6800 Thread exited: 0x00007fcd0e0f6800
Event: 22734.318 Thread 0x00007fcd0d8d8800 Thread exited: 0x00007fcd0d8d8800
Event: 22734.320 Thread 0x00007fcd0d00d800 Thread exited: 0x00007fcd0d00d800
Event: 22734.321 Thread 0x00007fcd0d8d8800 Thread added: 0x00007fcd0d8d8800


Dynamic libraries:
0x000000002d40b000 	/System/Library/Frameworks/Cocoa.framework/Versions/A/Cocoa
0x000000002d40b000 	/System/Library/Frameworks/Security.framework/Versions/A/Security
0x000000002d40b000 	/System/Library/Frameworks/ApplicationServices.framework/Versions/A/ApplicationServices
0x000000002d40b000 	/usr/lib/libz.1.dylib
0x000000002d40b000 	/usr/lib/libSystem.B.dylib
0x000000002d40b000 	/usr/lib/libobjc.A.dylib
0x000000002d40b000 	/System/Library/Frameworks/CoreFoundation.framework/Versions/A/CoreFoundation
0x000000002d40b000 	/System/Library/Frameworks/Foundation.framework/Versions/C/Foundation
0x000000002d40b000 	/System/Library/Frameworks/AppKit.framework/Versions/C/AppKit
0x000000002d40b000 	/System/Library/Frameworks/CoreData.framework/Versions/A/CoreData
0x000000002d40b000 	/System/Library/PrivateFrameworks/RemoteViewServices.framework/Versions/A/RemoteViewServices
0x000000002d40b000 	/System/Library/PrivateFrameworks/UIFoundation.framework/Versions/A/UIFoundation
0x000000002d40b000 	/System/Library/PrivateFrameworks/DFRFoundation.framework/Versions/A/DFRFoundation
0x000000002d40b000 	/usr/lib/libenergytrace.dylib
0x000000002d40b000 	/System/Library/PrivateFrameworks/SkyLight.framework/Versions/A/SkyLight
0x000000002d40b000 	/System/Library/Frameworks/CoreGraphics.framework/Versions/A/CoreGraphics
0x000000002d40b000 	/usr/lib/libScreenReader.dylib
0x000000002d40b000 	/System/Library/Frameworks/Accelerate.framework/Versions/A/Accelerate
0x000000002d40b000 	/System/Library/Frameworks/IOSurface.framework/Versions/A/IOSurface
0x000000002d40b000 	/System/Library/Frameworks/AudioToolbox.framework/Versions/A/AudioToolbox
0x000000002d40b000 	/System/Library/Frameworks/AudioUnit.framework/Versions/A/AudioUnit
0x000000002d40b000 	/System/Library/PrivateFrameworks/DataDetectorsCore.framework/Versions/A/DataDetectorsCore
0x000000002d40b000 	/System/Library/PrivateFrameworks/DesktopServicesPriv.framework/Versions/A/DesktopServicesPriv
0x000000002d40b000 	/System/Library/Frameworks/Carbon.framework/Versions/A/Frameworks/HIToolbox.framework/Versions/A/HIToolbox
0x000000002d40b000 	/usr/lib/libicucore.A.dylib
0x000000002d40b000 	/System/Library/Frameworks/QuartzCore.framework/Versions/A/QuartzCore
0x000000002d40b000 	/System/Library/Frameworks/Carbon.framework/Versions/A/Frameworks/SpeechRecognition.framework/Versions/A/SpeechRecognition
0x000000002d40b000 	/usr/lib/libauto.dylib
0x000000002d40b000 	/usr/lib/libxml2.2.dylib
0x000000002d40b000 	/System/Library/PrivateFrameworks/CoreUI.framework/Versions/A/CoreUI
0x000000002d40b000 	/System/Library/Frameworks/CoreAudio.framework/Versions/A/CoreAudio
0x000000002d40b000 	/System/Library/Frameworks/DiskArbitration.framework/Versions/A/DiskArbitration
0x000000002d40b000 	/usr/lib/liblangid.dylib
0x000000002d40b000 	/System/Library/PrivateFrameworks/MultitouchSupport.framework/Versions/A/MultitouchSupport
0x000000002d40b000 	/System/Library/Frameworks/IOKit.framework/Versions/A/IOKit
0x000000002d40b000 	/usr/lib/libDiagnosticMessagesClient.dylib
0x000000002d40b000 	/System/Library/Frameworks/CoreServices.framework/Versions/A/CoreServices
0x000000002d40b000 	/System/Library/PrivateFrameworks/PerformanceAnalysis.framework/Versions/A/PerformanceAnalysis
0x000000002d40b000 	/System/Library/PrivateFrameworks/GenerationalStorage.framework/Versions/A/GenerationalStorage
0x000000002d40b000 	/System/Library/Frameworks/OpenGL.framework/Versions/A/OpenGL
0x000000002d40b000 	/System/Library/Frameworks/CoreImage.framework/Versions/A/CoreImage
0x000000002d40b000 	/System/Library/Frameworks/CoreText.framework/Versions/A/CoreText
0x000000002d40b000 	/System/Library/Frameworks/ImageIO.framework/Versions/A/ImageIO
0x000000002d40b000 	/System/Library/PrivateFrameworks/Backup.framework/Versions/A/Backup
0x000000002d40b000 	/usr/lib/libarchive.2.dylib
0x000000002d40b000 	/System/Library/Frameworks/CFNetwork.framework/Versions/A/CFNetwork
0x000000002d40b000 	/System/Library/Frameworks/SystemConfiguration.framework/Versions/A/SystemConfiguration
0x000000002d40b000 	/usr/lib/libCRFSuite.dylib
0x000000002d40b000 	/usr/lib/libc++.1.dylib
0x000000002d40b000 	/usr/lib/libc++abi.dylib
0x000000002d40b000 	/usr/lib/system/libcache.dylib
0x000000002d40b000 	/usr/lib/system/libcommonCrypto.dylib
0x000000002d40b000 	/usr/lib/system/libcompiler_rt.dylib
0x000000002d40b000 	/usr/lib/system/libcopyfile.dylib
0x000000002d40b000 	/usr/lib/system/libcorecrypto.dylib
0x000000002d40b000 	/usr/lib/system/libdispatch.dylib
0x000000002d40b000 	/usr/lib/system/libdyld.dylib
0x000000002d40b000 	/usr/lib/system/libkeymgr.dylib
0x000000002d40b000 	/usr/lib/system/liblaunch.dylib
0x000000002d40b000 	/usr/lib/system/libmacho.dylib
0x000000002d40b000 	/usr/lib/system/libquarantine.dylib
0x000000002d40b000 	/usr/lib/system/libremovefile.dylib
0x000000002d40b000 	/usr/lib/system/libsystem_asl.dylib
0x000000002d40b000 	/usr/lib/system/libsystem_blocks.dylib
0x000000002d40b000 	/usr/lib/system/libsystem_c.dylib
0x000000002d40b000 	/usr/lib/system/libsystem_configuration.dylib
0x000000002d40b000 	/usr/lib/system/libsystem_coreservices.dylib
0x000000002d40b000 	/usr/lib/system/libsystem_coretls.dylib
0x000000002d40b000 	/usr/lib/system/libsystem_dnssd.dylib
0x000000002d40b000 	/usr/lib/system/libsystem_info.dylib
0x000000002d40b000 	/usr/lib/system/libsystem_kernel.dylib
0x000000002d40b000 	/usr/lib/system/libsystem_m.dylib
0x000000002d40b000 	/usr/lib/system/libsystem_malloc.dylib
0x000000002d40b000 	/usr/lib/system/libsystem_network.dylib
0x000000002d40b000 	/usr/lib/system/libsystem_networkextension.dylib
0x000000002d40b000 	/usr/lib/system/libsystem_notify.dylib
0x000000002d40b000 	/usr/lib/system/libsystem_platform.dylib
0x000000002d40b000 	/usr/lib/system/libsystem_pthread.dylib
0x000000002d40b000 	/usr/lib/system/libsystem_sandbox.dylib
0x000000002d40b000 	/usr/lib/system/libsystem_secinit.dylib
0x000000002d40b000 	/usr/lib/system/libsystem_symptoms.dylib
0x000000002d40b000 	/usr/lib/system/libsystem_trace.dylib
0x000000002d40b000 	/usr/lib/system/libunwind.dylib
0x000000002d40b000 	/usr/lib/system/libxpc.dylib
0x000000002d40b000 	/usr/lib/libbsm.0.dylib
0x000000002d40b000 	/usr/lib/system/libkxld.dylib
0x000000002d40b000 	/usr/lib/libcoretls.dylib
0x000000002d40b000 	/usr/lib/libcoretls_cfhelpers.dylib
0x000000002d40b000 	/usr/lib/libOpenScriptingUtil.dylib
0x000000002d40b000 	/usr/lib/libpam.2.dylib
0x000000002d40b000 	/usr/lib/libsqlite3.dylib
0x000000002d40b000 	/usr/lib/libxar.1.dylib
0x000000002d40b000 	/usr/lib/libbz2.1.0.dylib
0x000000002d40b000 	/usr/lib/liblzma.5.dylib
0x000000002d40b000 	/usr/lib/libnetwork.dylib
0x000000002d40b000 	/usr/lib/libpcap.A.dylib
0x000000002d40b000 	/System/Library/Frameworks/CoreServices.framework/Versions/A/Frameworks/FSEvents.framework/Versions/A/FSEvents
0x000000002d40b000 	/System/Library/Frameworks/CoreServices.framework/Versions/A/Frameworks/CarbonCore.framework/Versions/A/CarbonCore
0x000000002d40b000 	/System/Library/Frameworks/CoreServices.framework/Versions/A/Frameworks/Metadata.framework/Versions/A/Metadata
0x000000002d40b000 	/System/Library/Frameworks/CoreServices.framework/Versions/A/Frameworks/OSServices.framework/Versions/A/OSServices
0x000000002d40b000 	/System/Library/Frameworks/CoreServices.framework/Versions/A/Frameworks/SearchKit.framework/Versions/A/SearchKit
0x000000002d40b000 	/System/Library/Frameworks/CoreServices.framework/Versions/A/Frameworks/AE.framework/Versions/A/AE
0x000000002d40b000 	/System/Library/Frameworks/CoreServices.framework/Versions/A/Frameworks/LaunchServices.framework/Versions/A/LaunchServices
0x000000002d40b000 	/System/Library/Frameworks/CoreServices.framework/Versions/A/Frameworks/DictionaryServices.framework/Versions/A/DictionaryServices
0x000000002d40b000 	/System/Library/Frameworks/CoreServices.framework/Versions/A/Frameworks/SharedFileList.framework/Versions/A/SharedFileList
0x000000002d40b000 	/System/Library/Frameworks/NetFS.framework/Versions/A/NetFS
0x000000002d40b000 	/System/Library/PrivateFrameworks/NetAuth.framework/Versions/A/NetAuth
0x000000002d40b000 	/System/Library/PrivateFrameworks/login.framework/Versions/A/Frameworks/loginsupport.framework/Versions/A/loginsupport
0x000000002d40b000 	/System/Library/PrivateFrameworks/TCC.framework/Versions/A/TCC
0x000000002d40b000 	/usr/lib/libmecabra.dylib
0x000000002d40b000 	/System/Library/Frameworks/ApplicationServices.framework/Versions/A/Frameworks/ATS.framework/Versions/A/ATS
0x000000002d40b000 	/System/Library/Frameworks/ApplicationServices.framework/Versions/A/Frameworks/ColorSync.framework/Versions/A/ColorSync
0x000000002d40b000 	/System/Library/Frameworks/ApplicationServices.framework/Versions/A/Frameworks/HIServices.framework/Versions/A/HIServices
0x000000002d40b000 	/System/Library/Frameworks/ApplicationServices.framework/Versions/A/Frameworks/LangAnalysis.framework/Versions/A/LangAnalysis
0x000000002d40b000 	/System/Library/Frameworks/ApplicationServices.framework/Versions/A/Frameworks/PrintCore.framework/Versions/A/PrintCore
0x000000002d40b000 	/System/Library/Frameworks/ApplicationServices.framework/Versions/A/Frameworks/QD.framework/Versions/A/QD
0x000000002d40b000 	/System/Library/Frameworks/ApplicationServices.framework/Versions/A/Frameworks/SpeechSynthesis.framework/Versions/A/SpeechSynthesis
0x000000002d40b000 	/System/Library/Frameworks/Accelerate.framework/Versions/A/Frameworks/vImage.framework/Versions/A/vImage
0x000000002d40b000 	/System/Library/Frameworks/Accelerate.framework/Versions/A/Frameworks/vecLib.framework/Versions/A/vecLib
0x000000002d40b000 	/System/Library/Frameworks/Accelerate.framework/Versions/A/Frameworks/vecLib.framework/Versions/A/libvDSP.dylib
0x000000002d40b000 	/System/Library/Frameworks/Accelerate.framework/Versions/A/Frameworks/vecLib.framework/Versions/A/libBNNS.dylib
0x000000002d40b000 	/System/Library/Frameworks/Accelerate.framework/Versions/A/Frameworks/vecLib.framework/Versions/A/libQuadrature.dylib
0x000000002d40b000 	/System/Library/Frameworks/Accelerate.framework/Versions/A/Frameworks/vecLib.framework/Versions/A/libvMisc.dylib
0x000000002d40b000 	/System/Library/Frameworks/Accelerate.framework/Versions/A/Frameworks/vecLib.framework/Versions/A/libLAPACK.dylib
0x000000002d40b000 	/System/Library/Frameworks/Accelerate.framework/Versions/A/Frameworks/vecLib.framework/Versions/A/libBLAS.dylib
0x000000002d40b000 	/System/Library/Frameworks/Accelerate.framework/Versions/A/Frameworks/vecLib.framework/Versions/A/libLinearAlgebra.dylib
0x000000002d40b000 	/System/Library/Frameworks/Accelerate.framework/Versions/A/Frameworks/vecLib.framework/Versions/A/libSparseBLAS.dylib
0x000000002d40b000 	/System/Library/Frameworks/ApplicationServices.framework/Versions/A/Frameworks/ATS.framework/Versions/A/Resources/libFontParser.dylib
0x000000002d40b000 	/System/Library/Frameworks/ApplicationServices.framework/Versions/A/Frameworks/ATS.framework/Versions/A/Resources/libFontRegistry.dylib
0x000000002d40b000 	/System/Library/Frameworks/ImageIO.framework/Versions/A/Resources/libJPEG.dylib
0x000000002d40b000 	/System/Library/Frameworks/ImageIO.framework/Versions/A/Resources/libTIFF.dylib
0x000000002d40b000 	/System/Library/Frameworks/ImageIO.framework/Versions/A/Resources/libPng.dylib
0x000000002d40b000 	/System/Library/Frameworks/ImageIO.framework/Versions/A/Resources/libGIF.dylib
0x000000002d40b000 	/System/Library/Frameworks/ImageIO.framework/Versions/A/Resources/libJP2.dylib
0x000000002d40b000 	/System/Library/Frameworks/ImageIO.framework/Versions/A/Resources/libRadiance.dylib
0x000000002d40b000 	/usr/lib/libcompression.dylib
0x000000002d40b000 	/System/Library/PrivateFrameworks/AppleJPEG.framework/Versions/A/AppleJPEG
0x000000002d40b000 	/usr/lib/libcups.2.dylib
0x000000002d40b000 	/System/Library/Frameworks/Kerberos.framework/Versions/A/Kerberos
0x000000002d40b000 	/System/Library/Frameworks/GSS.framework/Versions/A/GSS
0x000000002d40b000 	/usr/lib/libresolv.9.dylib
0x000000002d40b000 	/usr/lib/libiconv.2.dylib
0x000000002d40b000 	/System/Library/PrivateFrameworks/Heimdal.framework/Versions/A/Heimdal
0x000000002d40b000 	/usr/lib/libheimdal-asn1.dylib
0x000000002d40b000 	/System/Library/Frameworks/OpenDirectory.framework/Versions/A/OpenDirectory
0x000000002d40b000 	/System/Library/PrivateFrameworks/CommonAuth.framework/Versions/A/CommonAuth
0x000000002d40b000 	/System/Library/Frameworks/OpenDirectory.framework/Versions/A/Frameworks/CFOpenDirectory.framework/Versions/A/CFOpenDirectory
0x000000002d40b000 	/System/Library/Frameworks/SecurityFoundation.framework/Versions/A/SecurityFoundation
0x000000002d40b000 	/System/Library/PrivateFrameworks/LanguageModeling.framework/Versions/A/LanguageModeling
0x000000002d40b000 	/usr/lib/libmarisa.dylib
0x000000002d40b000 	/usr/lib/libChineseTokenizer.dylib
0x000000002d40b000 	/usr/lib/libcmph.dylib
0x000000002d40b000 	/System/Library/PrivateFrameworks/CoreEmoji.framework/Versions/A/CoreEmoji
0x000000002d40b000 	/System/Library/Frameworks/ServiceManagement.framework/Versions/A/ServiceManagement
0x000000002d40b000 	/usr/lib/libxslt.1.dylib
0x000000002d40b000 	/System/Library/Frameworks/Carbon.framework/Versions/A/Frameworks/Ink.framework/Versions/A/Ink
0x000000002d40b000 	/System/Library/PrivateFrameworks/TextureIO.framework/Versions/A/TextureIO
0x000000002d40b000 	/System/Library/Frameworks/Metal.framework/Versions/A/Metal
0x000000002d40b000 	/usr/lib/libate.dylib
0x000000002d40b000 	/System/Library/PrivateFrameworks/GPUCompiler.framework/libmetal_timestamp.dylib
0x000000002d40b000 	/System/Library/Frameworks/OpenGL.framework/Versions/A/Libraries/libCoreFSCache.dylib
0x000000002d40b000 	/System/Library/PrivateFrameworks/IOAccelerator.framework/Versions/A/IOAccelerator
0x000000002d40b000 	/System/Library/Frameworks/CoreVideo.framework/Versions/A/CoreVideo
0x000000002d40b000 	/usr/lib/libFosl_dynamic.dylib
0x000000002d40b000 	/System/Library/PrivateFrameworks/MetalPerformanceShaders.framework/Versions/A/MetalPerformanceShaders
0x000000002d40b000 	/System/Library/PrivateFrameworks/FaceCore.framework/Versions/A/FaceCore
0x000000002d40b000 	/System/Library/Frameworks/OpenCL.framework/Versions/A/OpenCL
0x000000002d40b000 	/System/Library/Frameworks/OpenGL.framework/Versions/A/Libraries/libGLU.dylib
0x000000002d40b000 	/System/Library/Frameworks/OpenGL.framework/Versions/A/Libraries/libGFXShared.dylib
0x000000002d40b000 	/System/Library/Frameworks/OpenGL.framework/Versions/A/Libraries/libGL.dylib
0x000000002d40b000 	/System/Library/Frameworks/OpenGL.framework/Versions/A/Libraries/libGLImage.dylib
0x000000002d40b000 	/System/Library/Frameworks/OpenGL.framework/Versions/A/Libraries/libCVMSPluginSupport.dylib
0x000000002d40b000 	/System/Library/Frameworks/OpenGL.framework/Versions/A/Libraries/libCoreVMClient.dylib
0x000000002d40b000 	/System/Library/PrivateFrameworks/CrashReporterSupport.framework/Versions/A/CrashReporterSupport
0x000000002d40b000 	/System/Library/PrivateFrameworks/Sharing.framework/Versions/A/Sharing
0x000000002d40b000 	/System/Library/PrivateFrameworks/IconServices.framework/Versions/A/IconServices
0x000000002d40b000 	/System/Library/PrivateFrameworks/ProtocolBuffer.framework/Versions/A/ProtocolBuffer
0x000000002d40b000 	/System/Library/PrivateFrameworks/Apple80211.framework/Versions/A/Apple80211
0x000000002d40b000 	/System/Library/Frameworks/CoreWLAN.framework/Versions/A/CoreWLAN
0x000000002d40b000 	/System/Library/PrivateFrameworks/CoreUtils.framework/Versions/A/CoreUtils
0x000000002d40b000 	/System/Library/Frameworks/IOBluetooth.framework/Versions/A/IOBluetooth
0x000000002d40b000 	/System/Library/PrivateFrameworks/CoreWiFi.framework/Versions/A/CoreWiFi
0x000000002d40b000 	/System/Library/Frameworks/CoreBluetooth.framework/Versions/A/CoreBluetooth
0x000000002d40b000 	/System/Library/Frameworks/CoreDisplay.framework/Versions/A/CoreDisplay
0x000000002d40b000 	/System/Library/PrivateFrameworks/IOPresentment.framework/Versions/A/IOPresentment
0x000000002d40b000 	/System/Library/PrivateFrameworks/DSExternalDisplay.framework/Versions/A/DSExternalDisplay
0x000000002d40b000 	/System/Library/PrivateFrameworks/DebugSymbols.framework/Versions/A/DebugSymbols
0x000000002d40b000 	/System/Library/PrivateFrameworks/CoreSymbolication.framework/Versions/A/CoreSymbolication
0x000000002d40b000 	/System/Library/PrivateFrameworks/Symbolication.framework/Versions/A/Symbolication
0x000000002d40b000 	/System/Library/PrivateFrameworks/AppleFSCompression.framework/Versions/A/AppleFSCompression
0x000000002d40b000 	/System/Library/PrivateFrameworks/SpeechRecognitionCore.framework/Versions/A/SpeechRecognitionCore
0x000000002d40b000 	/System/Library/PrivateFrameworks/ChunkingLibrary.framework/Versions/A/ChunkingLibrary
0x00000001031dd000 	/Library/Java/JavaVirtualMachines/jdk1.8.0_40.jdk/Contents/Home/jre/lib/server/libjvm.dylib
0x000000002d40b000 	/usr/lib/libstdc++.6.dylib
0x0000000102789000 	/Library/Java/JavaVirtualMachines/jdk1.8.0_40.jdk/Contents/Home/jre/lib/libverify.dylib
0x0000000102797000 	/Library/Java/JavaVirtualMachines/jdk1.8.0_40.jdk/Contents/Home/jre/lib/libjava.dylib
0x00000001027d6000 	/Library/Java/JavaVirtualMachines/jdk1.8.0_40.jdk/Contents/Home/jre/lib/libzip.dylib
0x0000000119947000 	/System/Library/Frameworks/JavaVM.framework/Frameworks/JavaRuntimeSupport.framework/JavaRuntimeSupport
0x0000000119961000 	/System/Library/Frameworks/JavaVM.framework/Versions/A/Frameworks/JavaNativeFoundation.framework/Versions/A/JavaNativeFoundation
0x0000000103141000 	/System/Library/Frameworks/JavaVM.framework/Versions/A/JavaVM
0x000000002d40b000 	/System/Library/Frameworks/Carbon.framework/Versions/A/Carbon
0x0000000119976000 	/System/Library/PrivateFrameworks/JavaLaunching.framework/Versions/A/JavaLaunching
0x000000002d40b000 	/System/Library/Frameworks/Carbon.framework/Versions/A/Frameworks/CommonPanels.framework/Versions/A/CommonPanels
0x000000002d40b000 	/System/Library/Frameworks/Carbon.framework/Versions/A/Frameworks/Help.framework/Versions/A/Help
0x000000002d40b000 	/System/Library/Frameworks/Carbon.framework/Versions/A/Frameworks/ImageCapture.framework/Versions/A/ImageCapture
0x000000002d40b000 	/System/Library/Frameworks/Carbon.framework/Versions/A/Frameworks/OpenScripting.framework/Versions/A/OpenScripting
0x000000002d40b000 	/System/Library/Frameworks/Carbon.framework/Versions/A/Frameworks/Print.framework/Versions/A/Print
0x000000002d40b000 	/System/Library/Frameworks/Carbon.framework/Versions/A/Frameworks/SecurityHI.framework/Versions/A/SecurityHI
0x000000011b33c000 	/Library/Java/JavaVirtualMachines/jdk1.8.0_40.jdk/Contents/Home/jre/lib/libprism_es2.dylib
0x000000011b3a2000 	/System/Library/Frameworks/OpenGL.framework/Resources/GLEngine.bundle/GLEngine
0x000000002d40b000 	/System/Library/Frameworks/OpenGL.framework/Versions/A/Libraries/libGLProgrammability.dylib
0x000000011b587000 	/System/Library/Extensions/AppleIntelHD5000GraphicsGLDriver.bundle/Contents/MacOS/AppleIntelHD5000GraphicsGLDriver
0x000000002d40b000 	/System/Library/PrivateFrameworks/GPUSupport.framework/Versions/A/Libraries/libGPUSupportMercury.dylib
0x000000011bcfa000 	/System/Library/Frameworks/OpenGL.framework/Resources//GLRendererFloat.bundle/GLRendererFloat
0x000000002d40b000 	/System/Library/Frameworks/OpenCL.framework/Versions/A/Libraries/libcldcpuengine.dylib
0x000000002d40b000 	/usr/lib/libcrypto.0.9.8.dylib
0x000000002d40b000 	/System/Library/PrivateFrameworks/TrustEvaluationAgent.framework/Versions/A/TrustEvaluationAgent
0x000000011c15d000 	/Library/Java/JavaVirtualMachines/jdk1.8.0_40.jdk/Contents/Home/jre/lib/libglass.dylib
0x000000002d40b000 	/System/Library/PrivateFrameworks/CoreServicesInternal.framework/Versions/A/CoreServicesInternal
0x000000002d40b000 	/System/Library/CoreServices/RawCamera.bundle/Contents/MacOS/RawCamera
0x000000002d40b000 	/System/Library/Frameworks/Accelerate.framework/Versions/A/Frameworks/vImage.framework/Versions/A/Libraries/libCGInterfaces.dylib
0x000000002d40b000 	/System/Library/PrivateFrameworks/FamilyControls.framework/Versions/A/FamilyControls
0x000000002d40b000 	/System/Library/PrivateFrameworks/CommerceKit.framework/Versions/A/Frameworks/CommerceCore.framework/Versions/A/CommerceCore
0x000000002d40b000 	/System/Library/PrivateFrameworks/SystemAdministration.framework/Versions/A/SystemAdministration
0x000000002d40b000 	/System/Library/PrivateFrameworks/AppContainer.framework/Versions/A/AppContainer
0x000000002d40b000 	/System/Library/PrivateFrameworks/SecCodeWrapper.framework/Versions/A/SecCodeWrapper
0x000000002d40b000 	/System/Library/Frameworks/DirectoryService.framework/Versions/A/DirectoryService
0x000000002d40b000 	/System/Library/PrivateFrameworks/DiskImages.framework/Versions/A/DiskImages
0x000000002d40b000 	/System/Library/PrivateFrameworks/LoginUIKit.framework/Versions/A/Frameworks/LoginUICore.framework/Versions/A/LoginUICore
0x000000002d40b000 	/usr/lib/libCoreStorage.dylib
0x000000002d40b000 	/usr/lib/libcsfde.dylib
0x000000002d40b000 	/usr/lib/libodfde.dylib
0x000000002d40b000 	/System/Library/Frameworks/DiscRecording.framework/Versions/A/DiscRecording
0x000000002d40b000 	/usr/lib/libcurl.4.dylib
0x000000002d40b000 	/System/Library/PrivateFrameworks/MediaKit.framework/Versions/A/MediaKit
0x000000002d40b000 	/System/Library/PrivateFrameworks/ProtectedCloudStorage.framework/Versions/A/ProtectedCloudStorage
0x000000002d40b000 	/System/Library/PrivateFrameworks/EFILogin.framework/Versions/A/EFILogin
0x000000002d40b000 	/usr/lib/libutil.dylib
0x000000002d40b000 	/System/Library/Frameworks/LDAP.framework/Versions/A/LDAP
0x000000002d40b000 	/usr/lib/libsasl2.2.dylib
0x000000002d40b000 	/System/Library/PrivateFrameworks/CoreDaemon.framework/Versions/B/CoreDaemon
0x000000002d40b000 	/System/Library/PrivateFrameworks/AppleSRP.framework/Versions/A/AppleSRP
0x000000002d40b000 	/System/Library/PrivateFrameworks/APFS.framework/Versions/A/APFS
0x000000011f180000 	/Library/Java/JavaVirtualMachines/jdk1.8.0_40.jdk/Contents/Home/jre/lib/libjavafx_font.dylib
0x000000002d40b000 	/System/Library/Frameworks/ApplicationServices.framework/Versions/A/Frameworks/ATS.framework/Versions/A/Resources/libTrueTypeScaler.dylib
0x0000000120b51000 	/Library/Java/JavaVirtualMachines/jdk1.8.0_40.jdk/Contents/Home/jre/lib/libnet.dylib
0x0000000122dd2000 	/System/Library/Extensions/AppleIntelHD5000GraphicsMTLDriver.bundle/Contents/MacOS/AppleIntelHD5000GraphicsMTLDriver
0x00000001226d9000 	/Library/Java/JavaVirtualMachines/jdk1.8.0_40.jdk/Contents/Home/jre/lib/libprism_common.dylib
0x000000002d40b000 	/System/Library/PrivateFrameworks/ViewBridge.framework/Versions/A/ViewBridge
0x000000002d40b000 	/System/Library/PrivateFrameworks/XPCService.framework/Versions/A/XPCService
0x000000002d40b000 	/System/Library/PrivateFrameworks/AppSandbox.framework/Versions/A/AppSandbox
0x000000002d40b000 	/usr/lib/libsandbox.1.dylib
0x000000002d40b000 	/usr/lib/libMatch.1.dylib
0x0000000126e9a000 	/Library/Java/JavaVirtualMachines/jdk1.8.0_40.jdk/Contents/Home/jre/lib/libjfxwebkit.dylib
0x00000001236b0000 	/Library/Java/JavaVirtualMachines/jdk1.8.0_40.jdk/Contents/Home/jre/lib/libnio.dylib

VM Arguments:
jvm_args: -Dfile.encoding=UTF-8 
java_command: application.Main
java_class_path (initial): /Library/Java/JavaVirtualMachines/jdk1.8.0_40.jdk/Contents/Home/jre/lib/resources.jar:/Library/Java/JavaVirtualMachines/jdk1.8.0_40.jdk/Contents/Home/jre/lib/rt.jar:/Library/Java/JavaVirtualMachines/jdk1.8.0_40.jdk/Contents/Home/jre/lib/jsse.jar:/Library/Java/JavaVirtualMachines/jdk1.8.0_40.jdk/Contents/Home/jre/lib/jce.jar:/Library/Java/JavaVirtualMachines/jdk1.8.0_40.jdk/Contents/Home/jre/lib/charsets.jar:/Library/Java/JavaVirtualMachines/jdk1.8.0_40.jdk/Contents/Home/jre/lib/jfr.jar:/Library/Java/JavaVirtualMachines/jdk1.8.0_40.jdk/Contents/Home/jre/lib/ext/cldrdata.jar:/Library/Java/JavaVirtualMachines/jdk1.8.0_40.jdk/Contents/Home/jre/lib/ext/dnsns.jar:/Library/Java/JavaVirtualMachines/jdk1.8.0_40.jdk/Contents/Home/jre/lib/ext/jfxrt.jar:/Library/Java/JavaVirtualMachines/jdk1.8.0_40.jdk/Contents/Home/jre/lib/ext/localedata.jar:/Library/Java/JavaVirtualMachines/jdk1.8.0_40.jdk/Contents/Home/jre/lib/ext/nashorn.jar:/Library/Java/JavaVirtualMachines/jdk1.8.0_40.jdk/Contents/Home/jre/lib/ext/sunec.jar:/Library/Java/JavaVirtualMachines/jdk1.8.0_40.jdk/Contents/Home/jre/lib/ext/sunjce_provider.jar:/Library/Java/JavaVirtualMachines/jdk1.8.0_40.jdk/Contents/Home/jre/lib/ext/sunpkcs11.jar:/Library/Java/JavaVirtualMachines/jdk1.8.0_40.jdk/Contents/Home/jre/lib/ext/zipfs.jar:/System/Library/Java/Extensions/MRJToolkit.jar:/Users/ALEX/Documents/workspace/MotorolaApp/bin:/Users/ALEX/.p2/pool/plugins/org.eclipse.fx.ide.css.jfx8_3.4.1.201810030906.jar
Launcher Type: SUN_STANDARD

Environment Variables:
PATH=/usr/bin:/bin:/usr/sbin:/sbin
SHELL=/bin/bash

Signal Handlers:
SIGSEGV: [libjvm.dylib+0x58ef95], sa_mask[0]=11111111011111110111111111111111, sa_flags=SA_ONSTACK|SA_RESTART|SA_SIGINFO
SIGBUS: [libjvm.dylib+0x58ef95], sa_mask[0]=11111111011111110111111111111111, sa_flags=SA_RESTART|SA_SIGINFO
SIGFPE: [libjvm.dylib+0x46c118], sa_mask[0]=11111111011111110111111111111111, sa_flags=SA_RESTART|SA_SIGINFO
SIGPIPE: [libjvm.dylib+0x46c118], sa_mask[0]=11111111011111110111111111111111, sa_flags=SA_RESTART|SA_SIGINFO
SIGXFSZ: [libjvm.dylib+0x46c118], sa_mask[0]=11111111011111110111111111111111, sa_flags=SA_RESTART|SA_SIGINFO
SIGILL: [libjvm.dylib+0x46c118], sa_mask[0]=11111111011111110111111111111111, sa_flags=SA_RESTART|SA_SIGINFO
SIGUSR1: SIG_DFL, sa_mask[0]=00000000000000000000000000000000, sa_flags=none
SIGUSR2: [libjvm.dylib+0x46bc36], sa_mask[0]=00100000000000000000000000000000, sa_flags=SA_RESTART|SA_SIGINFO
SIGHUP: [libjvm.dylib+0x46a209], sa_mask[0]=11111111011111110111111111111111, sa_flags=SA_RESTART|SA_SIGINFO
SIGINT: [libjvm.dylib+0x46a209], sa_mask[0]=11111111011111110111111111111111, sa_flags=SA_RESTART|SA_SIGINFO
SIGTERM: [libjvm.dylib+0x46a209], sa_mask[0]=11111111011111110111111111111111, sa_flags=SA_RESTART|SA_SIGINFO
SIGQUIT: [libjvm.dylib+0x46a209], sa_mask[0]=11111111011111110111111111111111, sa_flags=SA_RESTART|SA_SIGINFO


---------------  S Y S T E M  ---------------

OS:Bsduname:Darwin 16.7.0 Darwin Kernel Version 16.7.0: Thu Jun 21 20:07:39 PDT 2018; root:xnu-3789.73.14~1/RELEASE_X86_64 x86_64
rlimit: STACK 8192k, CORE 0k, NPROC 709, NOFILE 10240, AS infinity
load average:2.58 2.74 2.80

CPU:total 4 (2 cores per cpu, 2 threads per core) family 6 model 69 stepping 1, cmov, cx8, fxsr, mmx, sse, sse2, sse3, ssse3, sse4.1, sse4.2, popcnt, avx, avx2, aes, clmul, erms, lzcnt, ht, tsc, tscinvbit, bmi1, bmi2

Memory: 4k page, physical 8388608k(18040k free)

/proc/meminfo:


vm_info: Java HotSpot(TM) 64-Bit Server VM (25.40-b25) for bsd-amd64 JRE (1.8.0_40-b25), built on Feb 10 2015 21:07:25 by "java_re" with gcc 4.2.1 (Based on Apple Inc. build 5658) (LLVM build 2336.11.00)

time: Fri Oct  4 11:36:52 2019
elapsed time: 28033 seconds (0d 7h 47m 13s)

