#
# A fatal error has been detected by the Java Runtime Environment:
#
#  SIGSEGV (0xb) at pc=0x0000000123f905dd, pid=2032, tid=775
#
# JRE version: Java(TM) SE Runtime Environment (8.0_40-b25) (build 1.8.0_40-b25)
# Java VM: Java HotSpot(TM) 64-Bit Server VM (25.40-b25 mixed mode bsd-amd64 compressed oops)
# Problematic frame:
# C  [libglass.dylib+0x155dd]  GlassScreenDidChangeScreenParameters+0x9d
#
# Failed to write core dump. Core dumps have been disabled. To enable core dumping, try "ulimit -c unlimited" before starting Java again
#
# If you would like to submit a bug report, please visit:
#   http://bugreport.java.com/bugreport/crash.jsp
#

---------------  T H R E A D  ---------------

Current thread is native thread

siginfo: si_signo: 11 (SIGSEGV), si_code: 1 (SEGV_MAPERR), si_addr: 0x0000000000000000

Registers:
RAX=0x0000000123fc2bc0, RBX=0x0000000000000000, RCX=0x0000000000000103, RDX=0x00007fa4ff82fea0
RSP=0x00007fff556d2600, RBP=0x00007fff556d2610, RSI=0x00007fa4f9f07330, RDI=0x0000000000000000
R8 =0x0000000000000040, R9 =0x00007fffc0f22040, R10=0xffffffffffffffff, R11=0x0000000000012068
R12=0x0000000000000000, R13=0x00007fa4f9f70610, R14=0x00007fa4ffb0a4f0, R15=0x0000000000000000
RIP=0x0000000123f905dd, EFLAGS=0x0000000000010206, ERR=0x0000000000000004
  TRAPNO=0x000000000000000e

Top of Stack: (sp=0x00007fff556d2600)
0x00007fff556d2600:   00007fa4f9f70650 00007fa4ffb0a4f0
0x00007fff556d2610:   00007fff556d2620 00007fffa282145c
0x00007fff556d2620:   00007fff556d2690 00007fffa282135b
0x00007fff556d2630:   000000010a546000 00007fffc0f1d060
0x00007fff556d2640:   00000000c2000000 00007fffa28213b0
0x00007fff556d2650:   00007fffbd782680 00007fa4f9f70610
0x00007fff556d2660:   00007fa4ffb0a4f0 00007fff556d2e58
0x00007fff556d2670:   00007fffb76c8040 00007fff556d2760
0x00007fff556d2680:   00007fa4f9f70610 00007fffa0f2105a
0x00007fff556d2690:   00007fff556d26d0 00007fffa28210c2
0x00007fff556d26a0:   00007fff556d2ca0 0000000000000000
0x00007fff556d26b0:   00007fffb76c8040 00007fff556d2760
0x00007fff556d26c0:   00007fff556d2e58 00007fffa0f2105a
0x00007fff556d26d0:   00007fff556d2df0 00007fffa27de523
0x00007fff556d26e0:   00007fff556d2700 00007fffa27a0870
0x00007fff556d26f0:   00007fa4f9d1e660 00007fff556d2d40
0x00007fff556d2700:   00007fa4f9c14130 00007fffbd783cb0
0x00007fff556d2710:   0000000000000000 00007fa4faa66048
0x00007fff556d2720:   00007fa4f9c14101 00007fa4f9c7ea70
0x00007fff556d2730:   00007fffbd8b60e0 0000000000000000
0x00007fff556d2740:   00007fa4f9f70680 0000000000000000
0x00007fff556d2750:   0000000000000000 00007fffbd7c2900
0x00007fff556d2760:   00007fff556d2ca0 0000000000000001
0x00007fff556d2770:   0000000000000100 00007fff556d2700
0x00007fff556d2780:   00007fff556d2ba0 0000000000000000
0x00007fff556d2790:   0000000000000100 00007fffbd7c3e00
0x00007fff556d27a0:   00007fff556d2d40 0000000000000001
0x00007fff556d27b0:   00007fff556d27f0 00007fffa27d91cc
0x00007fff556d27c0:   000000000000000d 00007fa4f9d1e660
0x00007fff556d27d0:   00007fa4f9d1e660 00007fffbd7c3e80
0x00007fff556d27e0:   00007fa4f9f003d0 0000000000000001
0x00007fff556d27f0:   00007fff556d2e70 00007fffa27d8ce9 

Instructions: (pc=0x0000000123f905dd)
0x0000000123f905bd:   89 df 4c 89 f1 41 ff 90 68 04 00 00 48 8d 05 f8
0x0000000123f905cd:   24 03 00 48 8b 30 48 8d 05 e6 25 03 00 48 8b 10
0x0000000123f905dd:   48 8b 0b 30 c0 48 89 df ff 91 68 04 00 00 48 8b
0x0000000123f905ed:   03 48 89 df ff 50 78 48 85 c0 74 36 49 89 c6 48 

Register to memory mapping:

RAX=0x0000000123fc2bc0: jScreenNotifySettingsChanged+0 in /Library/Java/JavaVirtualMachines/jdk1.8.0_40.jdk/Contents/Home/jre/lib/libglass.dylib at 0x0000000123f7b000
RBX=0x0000000000000000 is an unknown value
RCX=0x0000000000000103 is an unknown value
RDX=0x00007fa4ff82fea0 is an unknown value
RSP=0x00007fff556d2600 is an unknown value
RBP=0x00007fff556d2610 is an unknown value
RSI=0x00007fa4f9f07330 is a global jni handle
RDI=0x0000000000000000 is an unknown value
R8 =0x0000000000000040 is an unknown value
R9 =0x00007fffc0f22040: __sFX+0x1c0 in /usr/lib/system/libsystem_c.dylib at 0x00007fffb8045000
R10=0xffffffffffffffff is an unknown value
R11=0x0000000000012068 is an unknown value
R12=0x0000000000000000 is an unknown value
R13=0x00007fa4f9f70610 is an unknown value
R14=0x00007fa4ffb0a4f0 is an unknown value
R15=0x0000000000000000 is an unknown value


Stack: [0x00007fff54ed6000,0x00007fff556d6000],  sp=0x00007fff556d2600,  free space=8177k
Native frames: (J=compiled Java code, j=interpreted, Vv=VM code, C=native code)
C  [libglass.dylib+0x155dd]  GlassScreenDidChangeScreenParameters+0x9d
C  [CoreFoundation+0x9d45c]  __CFNOTIFICATIONCENTER_IS_CALLING_OUT_TO_AN_OBSERVER__+0xc
C  [CoreFoundation+0x9d35b]  _CFXRegistrationPost+0x1ab
C  [CoreFoundation+0x9d0c2]  ___CFXNotificationPost_block_invoke+0x32
C  [CoreFoundation+0x5a523]  -[_CFXNotificationRegistrar find:object:observer:enumerator:]+0x723
C  [CoreFoundation+0x5955c]  _CFXNotificationPost+0x25c
C  [Foundation+0x6677]  -[NSNotificationCenter postNotificationName:object:userInfo:]+0x42
C  [AppKit+0x3f0ba2]  -[NSApplication _reactToScreenInvalidationImmediately:]+0x18f
C  [AppKit+0x3f09df]  __44-[NSApplication _reactToScreenInvalidation:]_block_invoke+0x3b
C  [CoreFoundation+0xa717c]  __CFRUNLOOP_IS_CALLING_OUT_TO_A_BLOCK__+0xc
C  [CoreFoundation+0x87f84]  __CFRunLoopDoBlocks+0x164
C  [CoreFoundation+0x87ac6]  __CFRunLoopRun+0x756
C  [CoreFoundation+0x87114]  CFRunLoopRunSpecific+0x1a4
C  [java+0x6490]  CreateExecutionEnvironment+0x367
C  [java+0x221c]  JLI_Launch+0x7a0
C  [java+0x84ed]  main+0x65
C  [java+0x1a74]  start+0x34


---------------  P R O C E S S  ---------------

VM state:not at safepoint (normal execution)

VM Mutex/Monitor currently owned by a thread: None

Heap:
 PSYoungGen      total 38400K, used 21763K [0x0000000795580000, 0x0000000798000000, 0x00000007c0000000)
  eden space 33280K, 52% used [0x0000000795580000,0x000000079669cf98,0x0000000797600000)
  from space 5120K, 82% used [0x0000000797600000,0x0000000797a24030,0x0000000797b00000)
  to   space 5120K, 0% used [0x0000000797b00000,0x0000000797b00000,0x0000000798000000)
 ParOldGen       total 87552K, used 80K [0x0000000740000000, 0x0000000745580000, 0x0000000795580000)
  object space 87552K, 0% used [0x0000000740000000,0x0000000740014010,0x0000000745580000)
 Metaspace       used 17785K, capacity 18772K, committed 18944K, reserved 1064960K
  class space    used 2490K, capacity 2724K, committed 2816K, reserved 1048576K

Card table byte_map: [0x000000010c129000,0x000000010c52a000] byte_map_base: 0x0000000108729000

Marking Bits: (ParMarkBitMap*) 0x000000010b6c27a0
 Begin Bits: [0x000000011d0ac000, 0x000000011f0ac000)
 End Bits:   [0x000000011f0ac000, 0x00000001210ac000)

Polling page: 0x000000010a5ea000

CodeCache: size=245760Kb used=7628Kb max_used=7628Kb free=238131Kb
 bounds [0x000000010e0ac000, 0x000000010e82c000, 0x000000011d0ac000]
 total_blobs=3185 nmethods=2533 adapters=565
 compilation: enabled

Compilation events (10 events):
Event: 24.707 Thread 0x00007fa4fa878800 2529       3       java.util.StringTokenizer::scanToken (179 bytes)
Event: 24.708 Thread 0x00007fa4fa878800 nmethod 2529 0x000000010e81dd10 code [0x000000010e81dfa0, 0x000000010e81f258]
Event: 24.708 Thread 0x00007fa4fa878800 2528       3       java.util.StringTokenizer::skipDelimiters (116 bytes)
Event: 24.709 Thread 0x00007fa4fa878800 nmethod 2528 0x000000010e81f9d0 code [0x000000010e81fbe0, 0x000000010e820778]
Event: 24.709 Thread 0x00007fa4fa878800 2530       1       java.util.ResourceBundle$CacheKey::hashCode (5 bytes)
Event: 24.709 Thread 0x00007fa4fa878800 nmethod 2530 0x000000010e820c10 code [0x000000010e820d60, 0x000000010e820e70]
Event: 24.712 Thread 0x00007fa4fa878800 2531       1       java.util.Formatter$Flags::valueOf (5 bytes)
Event: 24.712 Thread 0x00007fa4fa878800 nmethod 2531 0x000000010e821110 code [0x000000010e821260, 0x000000010e821370]
Event: 24.717 Thread 0x00007fa4fa878800 2532       3       java.util.Locale::equals (75 bytes)
Event: 24.718 Thread 0x00007fa4fa878800 nmethod 2532 0x000000010e821990 code [0x000000010e821b60, 0x000000010e8223b8]

GC Heap History (2 events):
Event: 2.026 GC heap before
{Heap before GC invocations=1 (full 0):
 PSYoungGen      total 38400K, used 33280K [0x0000000795580000, 0x0000000798000000, 0x00000007c0000000)
  eden space 33280K, 100% used [0x0000000795580000,0x0000000797600000,0x0000000797600000)
  from space 5120K, 0% used [0x0000000797b00000,0x0000000797b00000,0x0000000798000000)
  to   space 5120K, 0% used [0x0000000797600000,0x0000000797600000,0x0000000797b00000)
 ParOldGen       total 87552K, used 0K [0x0000000740000000, 0x0000000745580000, 0x0000000795580000)
  object space 87552K, 0% used [0x0000000740000000,0x0000000740000000,0x0000000745580000)
 Metaspace       used 13285K, capacity 13768K, committed 13824K, reserved 1060864K
  class space    used 1837K, capacity 2004K, committed 2048K, reserved 1048576K
Event: 2.039 GC heap after
Heap after GC invocations=1 (full 0):
 PSYoungGen      total 38400K, used 4240K [0x0000000795580000, 0x0000000798000000, 0x00000007c0000000)
  eden space 33280K, 0% used [0x0000000795580000,0x0000000795580000,0x0000000797600000)
  from space 5120K, 82% used [0x0000000797600000,0x0000000797a24030,0x0000000797b00000)
  to   space 5120K, 0% used [0x0000000797b00000,0x0000000797b00000,0x0000000798000000)
 ParOldGen       total 87552K, used 80K [0x0000000740000000, 0x0000000745580000, 0x0000000795580000)
  object space 87552K, 0% used [0x0000000740000000,0x0000000740014010,0x0000000745580000)
 Metaspace       used 13285K, capacity 13768K, committed 13824K, reserved 1060864K
  class space    used 1837K, capacity 2004K, committed 2048K, reserved 1048576K
}

Deoptimization events (10 events):
Event: 1.561 Thread 0x00007fa4faa56800 Uncommon trap: reason=class_check action=maybe_recompile pc=0x000000010e1d421c method=java.lang.String.equals(Ljava/lang/Object;)Z @ 8
Event: 1.561 Thread 0x00007fa4faa56800 Uncommon trap: reason=class_check action=maybe_recompile pc=0x000000010e1d421c method=java.lang.String.equals(Ljava/lang/Object;)Z @ 8
Event: 1.563 Thread 0x00007fa4faa56800 Uncommon trap: reason=class_check action=maybe_recompile pc=0x000000010e1d421c method=java.lang.String.equals(Ljava/lang/Object;)Z @ 8
Event: 1.939 Thread 0x00007fa4faa56800 Uncommon trap: reason=unstable_if action=reinterpret pc=0x000000010e308fe0 method=java.lang.CharacterData.of(I)Ljava/lang/CharacterData; @ 4
Event: 2.045 Thread 0x00007fa4faa56800 Uncommon trap: reason=unstable_if action=reinterpret pc=0x000000010e42d830 method=java.util.HashMap.isEmpty()Z @ 4
Event: 2.353 Thread 0x00007fa4fac14000 Uncommon trap: reason=predicate action=maybe_recompile pc=0x000000010e3af310 method=sun.net.www.ParseUtil.encodePath(Ljava/lang/String;Z)Ljava/lang/String; @ 36
Event: 2.367 Thread 0x00007fa4faa56800 Uncommon trap: reason=unstable_if action=reinterpret pc=0x000000010e3a7b8c method=java.lang.String.indexOf([CII[CIII)I @ 3
Event: 2.786 Thread 0x00007fa4fb066800 Uncommon trap: reason=range_check action=make_not_entrant pc=0x000000010e33004c method=java.util.ArrayList.elementData(I)Ljava/lang/Object; @ 5
Event: 4.419 Thread 0x00007fa4faa56800 Uncommon trap: reason=unstable_if action=reinterpret pc=0x000000010e3f8f8c method=jdk.internal.org.objectweb.asm.Type.getArgumentsAndReturnSizes(Ljava/lang/String;)I @ 47
Event: 6.763 Thread 0x00007fa4faa56800 Uncommon trap: reason=unstable_if action=reinterpret pc=0x000000010e6196f4 method=javafx.scene.Node.updateLocalToParentTransform()V @ 4

Internal exceptions (10 events):
Event: 1.343 Thread 0x00007fa4faa56800 Exception <a 'java/lang/ArrayIndexOutOfBoundsException'> (0x0000000796c7f578) thrown at [/Users/java_re/workspace/8-2-build-macosx-x86_64/jdk8u40/2855/hotspot/src/share/vm/runtime/sharedRuntime.cpp, line 605]
Event: 1.405 Thread 0x00007fa4faa56800 Implicit null exception at 0x000000010e335fb5 to 0x000000010e3361f1
Event: 2.786 Thread 0x00007fa4fb066800 Exception <a 'java/lang/ArrayIndexOutOfBoundsException': -1> (0x0000000795e898a0) thrown at [/Users/java_re/workspace/8-2-build-macosx-x86_64/jdk8u40/2855/hotspot/src/share/vm/interpreter/interpreterRuntime.cpp, line 366]
Event: 2.787 Thread 0x00007fa4fb066800 Exception <a 'java/lang/ArrayIndexOutOfBoundsException'> (0x0000000795e89a80) thrown at [/Users/java_re/workspace/8-2-build-macosx-x86_64/jdk8u40/2855/hotspot/src/share/vm/runtime/sharedRuntime.cpp, line 605]
Event: 7.731 Thread 0x00007fa4faa56800 Exception <a 'java/lang/reflect/InvocationTargetException'> (0x0000000796348500) thrown at [/Users/java_re/workspace/8-2-build-macosx-x86_64/jdk8u40/2855/hotspot/src/share/vm/runtime/reflection.cpp, line 1080]
Event: 7.731 Thread 0x00007fa4faa56800 Exception <a 'java/lang/RuntimeException'> (0x0000000796348b90) thrown at [/Users/java_re/workspace/8-2-build-macosx-x86_64/jdk8u40/2855/hotspot/src/share/vm/prims/jvm.cpp, line 1386]
Event: 17.444 Thread 0x00007fa4faa56800 Exception <a 'java/lang/reflect/InvocationTargetException'> (0x00000007963abfe8) thrown at [/Users/java_re/workspace/8-2-build-macosx-x86_64/jdk8u40/2855/hotspot/src/share/vm/runtime/reflection.cpp, line 1080]
Event: 17.444 Thread 0x00007fa4faa56800 Exception <a 'java/lang/RuntimeException'> (0x00000007963ac678) thrown at [/Users/java_re/workspace/8-2-build-macosx-x86_64/jdk8u40/2855/hotspot/src/share/vm/prims/jvm.cpp, line 1386]
Event: 22.674 Thread 0x00007fa4faa56800 Exception <a 'java/lang/reflect/InvocationTargetException'> (0x000000079644d488) thrown at [/Users/java_re/workspace/8-2-build-macosx-x86_64/jdk8u40/2855/hotspot/src/share/vm/runtime/reflection.cpp, line 1080]
Event: 22.674 Thread 0x00007fa4faa56800 Exception <a 'java/lang/RuntimeException'> (0x000000079644db18) thrown at [/Users/java_re/workspace/8-2-build-macosx-x86_64/jdk8u40/2855/hotspot/src/share/vm/prims/jvm.cpp, line 1386]

Events (10 events):
Event: 24.720 loading class java/util/Formattable done
Event: 24.723 loading class com/sun/javafx/tk/quantum/QuantumRenderer
Event: 24.723 loading class com/sun/javafx/tk/quantum/QuantumRenderer done
Event: 24.724 loading class com/sun/javafx/tk/quantum/QuantumToolkit
Event: 24.724 loading class com/sun/javafx/tk/quantum/QuantumToolkit done
Event: 24.724 Thread 0x00007fa4fb066800 Thread exited: 0x00007fa4fb066800
Event: 24.724 Thread 0x00007fa4faad1000 Thread exited: 0x00007fa4faad1000
Event: 24.724 Thread 0x00007fa4fb804800 Thread exited: 0x00007fa4fb804800
Event: 24.724 Thread 0x00007fa4faad1000 Thread added: 0x00007fa4faad1000
Event: 24.724 Thread 0x00007fa4faa56800 Thread exited: 0x00007fa4faa56800


Dynamic libraries:
0x000000002d40b000 	/System/Library/Frameworks/Cocoa.framework/Versions/A/Cocoa
0x000000002d40b000 	/System/Library/Frameworks/Security.framework/Versions/A/Security
0x000000002d40b000 	/System/Library/Frameworks/ApplicationServices.framework/Versions/A/ApplicationServices
0x000000002d40b000 	/usr/lib/libz.1.dylib
0x000000002d40b000 	/usr/lib/libSystem.B.dylib
0x000000002d40b000 	/usr/lib/libobjc.A.dylib
0x000000002d40b000 	/System/Library/Frameworks/CoreFoundation.framework/Versions/A/CoreFoundation
0x000000002d40b000 	/System/Library/Frameworks/Foundation.framework/Versions/C/Foundation
0x000000002d40b000 	/System/Library/Frameworks/AppKit.framework/Versions/C/AppKit
0x000000002d40b000 	/System/Library/Frameworks/CoreData.framework/Versions/A/CoreData
0x000000002d40b000 	/System/Library/PrivateFrameworks/RemoteViewServices.framework/Versions/A/RemoteViewServices
0x000000002d40b000 	/System/Library/PrivateFrameworks/UIFoundation.framework/Versions/A/UIFoundation
0x000000002d40b000 	/System/Library/PrivateFrameworks/DFRFoundation.framework/Versions/A/DFRFoundation
0x000000002d40b000 	/usr/lib/libenergytrace.dylib
0x000000002d40b000 	/System/Library/PrivateFrameworks/SkyLight.framework/Versions/A/SkyLight
0x000000002d40b000 	/System/Library/Frameworks/CoreGraphics.framework/Versions/A/CoreGraphics
0x000000002d40b000 	/usr/lib/libScreenReader.dylib
0x000000002d40b000 	/System/Library/Frameworks/Accelerate.framework/Versions/A/Accelerate
0x000000002d40b000 	/System/Library/Frameworks/IOSurface.framework/Versions/A/IOSurface
0x000000002d40b000 	/System/Library/Frameworks/AudioToolbox.framework/Versions/A/AudioToolbox
0x000000002d40b000 	/System/Library/Frameworks/AudioUnit.framework/Versions/A/AudioUnit
0x000000002d40b000 	/System/Library/PrivateFrameworks/DataDetectorsCore.framework/Versions/A/DataDetectorsCore
0x000000002d40b000 	/System/Library/PrivateFrameworks/DesktopServicesPriv.framework/Versions/A/DesktopServicesPriv
0x000000002d40b000 	/System/Library/Frameworks/Carbon.framework/Versions/A/Frameworks/HIToolbox.framework/Versions/A/HIToolbox
0x000000002d40b000 	/usr/lib/libicucore.A.dylib
0x000000002d40b000 	/System/Library/Frameworks/QuartzCore.framework/Versions/A/QuartzCore
0x000000002d40b000 	/System/Library/Frameworks/Carbon.framework/Versions/A/Frameworks/SpeechRecognition.framework/Versions/A/SpeechRecognition
0x000000002d40b000 	/usr/lib/libauto.dylib
0x000000002d40b000 	/usr/lib/libxml2.2.dylib
0x000000002d40b000 	/System/Library/PrivateFrameworks/CoreUI.framework/Versions/A/CoreUI
0x000000002d40b000 	/System/Library/Frameworks/CoreAudio.framework/Versions/A/CoreAudio
0x000000002d40b000 	/System/Library/Frameworks/DiskArbitration.framework/Versions/A/DiskArbitration
0x000000002d40b000 	/usr/lib/liblangid.dylib
0x000000002d40b000 	/System/Library/PrivateFrameworks/MultitouchSupport.framework/Versions/A/MultitouchSupport
0x000000002d40b000 	/System/Library/Frameworks/IOKit.framework/Versions/A/IOKit
0x000000002d40b000 	/usr/lib/libDiagnosticMessagesClient.dylib
0x000000002d40b000 	/System/Library/Frameworks/CoreServices.framework/Versions/A/CoreServices
0x000000002d40b000 	/System/Library/PrivateFrameworks/PerformanceAnalysis.framework/Versions/A/PerformanceAnalysis
0x000000002d40b000 	/System/Library/PrivateFrameworks/GenerationalStorage.framework/Versions/A/GenerationalStorage
0x000000002d40b000 	/System/Library/Frameworks/OpenGL.framework/Versions/A/OpenGL
0x000000002d40b000 	/System/Library/Frameworks/CoreImage.framework/Versions/A/CoreImage
0x000000002d40b000 	/System/Library/Frameworks/CoreText.framework/Versions/A/CoreText
0x000000002d40b000 	/System/Library/Frameworks/ImageIO.framework/Versions/A/ImageIO
0x000000002d40b000 	/System/Library/PrivateFrameworks/Backup.framework/Versions/A/Backup
0x000000002d40b000 	/usr/lib/libarchive.2.dylib
0x000000002d40b000 	/System/Library/Frameworks/CFNetwork.framework/Versions/A/CFNetwork
0x000000002d40b000 	/System/Library/Frameworks/SystemConfiguration.framework/Versions/A/SystemConfiguration
0x000000002d40b000 	/usr/lib/libCRFSuite.dylib
0x000000002d40b000 	/usr/lib/libc++.1.dylib
0x000000002d40b000 	/usr/lib/libc++abi.dylib
0x000000002d40b000 	/usr/lib/system/libcache.dylib
0x000000002d40b000 	/usr/lib/system/libcommonCrypto.dylib
0x000000002d40b000 	/usr/lib/system/libcompiler_rt.dylib
0x000000002d40b000 	/usr/lib/system/libcopyfile.dylib
0x000000002d40b000 	/usr/lib/system/libcorecrypto.dylib
0x000000002d40b000 	/usr/lib/system/libdispatch.dylib
0x000000002d40b000 	/usr/lib/system/libdyld.dylib
0x000000002d40b000 	/usr/lib/system/libkeymgr.dylib
0x000000002d40b000 	/usr/lib/system/liblaunch.dylib
0x000000002d40b000 	/usr/lib/system/libmacho.dylib
0x000000002d40b000 	/usr/lib/system/libquarantine.dylib
0x000000002d40b000 	/usr/lib/system/libremovefile.dylib
0x000000002d40b000 	/usr/lib/system/libsystem_asl.dylib
0x000000002d40b000 	/usr/lib/system/libsystem_blocks.dylib
0x000000002d40b000 	/usr/lib/system/libsystem_c.dylib
0x000000002d40b000 	/usr/lib/system/libsystem_configuration.dylib
0x000000002d40b000 	/usr/lib/system/libsystem_coreservices.dylib
0x000000002d40b000 	/usr/lib/system/libsystem_coretls.dylib
0x000000002d40b000 	/usr/lib/system/libsystem_dnssd.dylib
0x000000002d40b000 	/usr/lib/system/libsystem_info.dylib
0x000000002d40b000 	/usr/lib/system/libsystem_kernel.dylib
0x000000002d40b000 	/usr/lib/system/libsystem_m.dylib
0x000000002d40b000 	/usr/lib/system/libsystem_malloc.dylib
0x000000002d40b000 	/usr/lib/system/libsystem_network.dylib
0x000000002d40b000 	/usr/lib/system/libsystem_networkextension.dylib
0x000000002d40b000 	/usr/lib/system/libsystem_notify.dylib
0x000000002d40b000 	/usr/lib/system/libsystem_platform.dylib
0x000000002d40b000 	/usr/lib/system/libsystem_pthread.dylib
0x000000002d40b000 	/usr/lib/system/libsystem_sandbox.dylib
0x000000002d40b000 	/usr/lib/system/libsystem_secinit.dylib
0x000000002d40b000 	/usr/lib/system/libsystem_symptoms.dylib
0x000000002d40b000 	/usr/lib/system/libsystem_trace.dylib
0x000000002d40b000 	/usr/lib/system/libunwind.dylib
0x000000002d40b000 	/usr/lib/system/libxpc.dylib
0x000000002d40b000 	/usr/lib/libbsm.0.dylib
0x000000002d40b000 	/usr/lib/system/libkxld.dylib
0x000000002d40b000 	/usr/lib/libcoretls.dylib
0x000000002d40b000 	/usr/lib/libcoretls_cfhelpers.dylib
0x000000002d40b000 	/usr/lib/libOpenScriptingUtil.dylib
0x000000002d40b000 	/usr/lib/libpam.2.dylib
0x000000002d40b000 	/usr/lib/libsqlite3.dylib
0x000000002d40b000 	/usr/lib/libxar.1.dylib
0x000000002d40b000 	/usr/lib/libbz2.1.0.dylib
0x000000002d40b000 	/usr/lib/liblzma.5.dylib
0x000000002d40b000 	/usr/lib/libnetwork.dylib
0x000000002d40b000 	/usr/lib/libpcap.A.dylib
0x000000002d40b000 	/System/Library/Frameworks/CoreServices.framework/Versions/A/Frameworks/FSEvents.framework/Versions/A/FSEvents
0x000000002d40b000 	/System/Library/Frameworks/CoreServices.framework/Versions/A/Frameworks/CarbonCore.framework/Versions/A/CarbonCore
0x000000002d40b000 	/System/Library/Frameworks/CoreServices.framework/Versions/A/Frameworks/Metadata.framework/Versions/A/Metadata
0x000000002d40b000 	/System/Library/Frameworks/CoreServices.framework/Versions/A/Frameworks/OSServices.framework/Versions/A/OSServices
0x000000002d40b000 	/System/Library/Frameworks/CoreServices.framework/Versions/A/Frameworks/SearchKit.framework/Versions/A/SearchKit
0x000000002d40b000 	/System/Library/Frameworks/CoreServices.framework/Versions/A/Frameworks/AE.framework/Versions/A/AE
0x000000002d40b000 	/System/Library/Frameworks/CoreServices.framework/Versions/A/Frameworks/LaunchServices.framework/Versions/A/LaunchServices
0x000000002d40b000 	/System/Library/Frameworks/CoreServices.framework/Versions/A/Frameworks/DictionaryServices.framework/Versions/A/DictionaryServices
0x000000002d40b000 	/System/Library/Frameworks/CoreServices.framework/Versions/A/Frameworks/SharedFileList.framework/Versions/A/SharedFileList
0x000000002d40b000 	/System/Library/Frameworks/NetFS.framework/Versions/A/NetFS
0x000000002d40b000 	/System/Library/PrivateFrameworks/NetAuth.framework/Versions/A/NetAuth
0x000000002d40b000 	/System/Library/PrivateFrameworks/login.framework/Versions/A/Frameworks/loginsupport.framework/Versions/A/loginsupport
0x000000002d40b000 	/System/Library/PrivateFrameworks/TCC.framework/Versions/A/TCC
0x000000002d40b000 	/usr/lib/libmecabra.dylib
0x000000002d40b000 	/System/Library/Frameworks/ApplicationServices.framework/Versions/A/Frameworks/ATS.framework/Versions/A/ATS
0x000000002d40b000 	/System/Library/Frameworks/ApplicationServices.framework/Versions/A/Frameworks/ColorSync.framework/Versions/A/ColorSync
0x000000002d40b000 	/System/Library/Frameworks/ApplicationServices.framework/Versions/A/Frameworks/HIServices.framework/Versions/A/HIServices
0x000000002d40b000 	/System/Library/Frameworks/ApplicationServices.framework/Versions/A/Frameworks/LangAnalysis.framework/Versions/A/LangAnalysis
0x000000002d40b000 	/System/Library/Frameworks/ApplicationServices.framework/Versions/A/Frameworks/PrintCore.framework/Versions/A/PrintCore
0x000000002d40b000 	/System/Library/Frameworks/ApplicationServices.framework/Versions/A/Frameworks/QD.framework/Versions/A/QD
0x000000002d40b000 	/System/Library/Frameworks/ApplicationServices.framework/Versions/A/Frameworks/SpeechSynthesis.framework/Versions/A/SpeechSynthesis
0x000000002d40b000 	/System/Library/Frameworks/Accelerate.framework/Versions/A/Frameworks/vImage.framework/Versions/A/vImage
0x000000002d40b000 	/System/Library/Frameworks/Accelerate.framework/Versions/A/Frameworks/vecLib.framework/Versions/A/vecLib
0x000000002d40b000 	/System/Library/Frameworks/Accelerate.framework/Versions/A/Frameworks/vecLib.framework/Versions/A/libvDSP.dylib
0x000000002d40b000 	/System/Library/Frameworks/Accelerate.framework/Versions/A/Frameworks/vecLib.framework/Versions/A/libBNNS.dylib
0x000000002d40b000 	/System/Library/Frameworks/Accelerate.framework/Versions/A/Frameworks/vecLib.framework/Versions/A/libQuadrature.dylib
0x000000002d40b000 	/System/Library/Frameworks/Accelerate.framework/Versions/A/Frameworks/vecLib.framework/Versions/A/libvMisc.dylib
0x000000002d40b000 	/System/Library/Frameworks/Accelerate.framework/Versions/A/Frameworks/vecLib.framework/Versions/A/libLAPACK.dylib
0x000000002d40b000 	/System/Library/Frameworks/Accelerate.framework/Versions/A/Frameworks/vecLib.framework/Versions/A/libBLAS.dylib
0x000000002d40b000 	/System/Library/Frameworks/Accelerate.framework/Versions/A/Frameworks/vecLib.framework/Versions/A/libLinearAlgebra.dylib
0x000000002d40b000 	/System/Library/Frameworks/Accelerate.framework/Versions/A/Frameworks/vecLib.framework/Versions/A/libSparseBLAS.dylib
0x000000002d40b000 	/System/Library/Frameworks/ApplicationServices.framework/Versions/A/Frameworks/ATS.framework/Versions/A/Resources/libFontParser.dylib
0x000000002d40b000 	/System/Library/Frameworks/ApplicationServices.framework/Versions/A/Frameworks/ATS.framework/Versions/A/Resources/libFontRegistry.dylib
0x000000002d40b000 	/System/Library/Frameworks/ImageIO.framework/Versions/A/Resources/libJPEG.dylib
0x000000002d40b000 	/System/Library/Frameworks/ImageIO.framework/Versions/A/Resources/libTIFF.dylib
0x000000002d40b000 	/System/Library/Frameworks/ImageIO.framework/Versions/A/Resources/libPng.dylib
0x000000002d40b000 	/System/Library/Frameworks/ImageIO.framework/Versions/A/Resources/libGIF.dylib
0x000000002d40b000 	/System/Library/Frameworks/ImageIO.framework/Versions/A/Resources/libJP2.dylib
0x000000002d40b000 	/System/Library/Frameworks/ImageIO.framework/Versions/A/Resources/libRadiance.dylib
0x000000002d40b000 	/usr/lib/libcompression.dylib
0x000000002d40b000 	/System/Library/PrivateFrameworks/AppleJPEG.framework/Versions/A/AppleJPEG
0x000000002d40b000 	/usr/lib/libcups.2.dylib
0x000000002d40b000 	/System/Library/Frameworks/Kerberos.framework/Versions/A/Kerberos
0x000000002d40b000 	/System/Library/Frameworks/GSS.framework/Versions/A/GSS
0x000000002d40b000 	/usr/lib/libresolv.9.dylib
0x000000002d40b000 	/usr/lib/libiconv.2.dylib
0x000000002d40b000 	/System/Library/PrivateFrameworks/Heimdal.framework/Versions/A/Heimdal
0x000000002d40b000 	/usr/lib/libheimdal-asn1.dylib
0x000000002d40b000 	/System/Library/Frameworks/OpenDirectory.framework/Versions/A/OpenDirectory
0x000000002d40b000 	/System/Library/PrivateFrameworks/CommonAuth.framework/Versions/A/CommonAuth
0x000000002d40b000 	/System/Library/Frameworks/OpenDirectory.framework/Versions/A/Frameworks/CFOpenDirectory.framework/Versions/A/CFOpenDirectory
0x000000002d40b000 	/System/Library/Frameworks/SecurityFoundation.framework/Versions/A/SecurityFoundation
0x000000002d40b000 	/System/Library/PrivateFrameworks/LanguageModeling.framework/Versions/A/LanguageModeling
0x000000002d40b000 	/usr/lib/libmarisa.dylib
0x000000002d40b000 	/usr/lib/libChineseTokenizer.dylib
0x000000002d40b000 	/usr/lib/libcmph.dylib
0x000000002d40b000 	/System/Library/PrivateFrameworks/CoreEmoji.framework/Versions/A/CoreEmoji
0x000000002d40b000 	/System/Library/Frameworks/ServiceManagement.framework/Versions/A/ServiceManagement
0x000000002d40b000 	/usr/lib/libxslt.1.dylib
0x000000002d40b000 	/System/Library/Frameworks/Carbon.framework/Versions/A/Frameworks/Ink.framework/Versions/A/Ink
0x000000002d40b000 	/System/Library/PrivateFrameworks/TextureIO.framework/Versions/A/TextureIO
0x000000002d40b000 	/System/Library/Frameworks/Metal.framework/Versions/A/Metal
0x000000002d40b000 	/usr/lib/libate.dylib
0x000000002d40b000 	/System/Library/PrivateFrameworks/GPUCompiler.framework/libmetal_timestamp.dylib
0x000000002d40b000 	/System/Library/Frameworks/OpenGL.framework/Versions/A/Libraries/libCoreFSCache.dylib
0x000000002d40b000 	/System/Library/PrivateFrameworks/IOAccelerator.framework/Versions/A/IOAccelerator
0x000000002d40b000 	/System/Library/Frameworks/CoreVideo.framework/Versions/A/CoreVideo
0x000000002d40b000 	/usr/lib/libFosl_dynamic.dylib
0x000000002d40b000 	/System/Library/PrivateFrameworks/MetalPerformanceShaders.framework/Versions/A/MetalPerformanceShaders
0x000000002d40b000 	/System/Library/PrivateFrameworks/FaceCore.framework/Versions/A/FaceCore
0x000000002d40b000 	/System/Library/Frameworks/OpenCL.framework/Versions/A/OpenCL
0x000000002d40b000 	/System/Library/Frameworks/OpenGL.framework/Versions/A/Libraries/libGLU.dylib
0x000000002d40b000 	/System/Library/Frameworks/OpenGL.framework/Versions/A/Libraries/libGFXShared.dylib
0x000000002d40b000 	/System/Library/Frameworks/OpenGL.framework/Versions/A/Libraries/libGL.dylib
0x000000002d40b000 	/System/Library/Frameworks/OpenGL.framework/Versions/A/Libraries/libGLImage.dylib
0x000000002d40b000 	/System/Library/Frameworks/OpenGL.framework/Versions/A/Libraries/libCVMSPluginSupport.dylib
0x000000002d40b000 	/System/Library/Frameworks/OpenGL.framework/Versions/A/Libraries/libCoreVMClient.dylib
0x000000002d40b000 	/System/Library/PrivateFrameworks/CrashReporterSupport.framework/Versions/A/CrashReporterSupport
0x000000002d40b000 	/System/Library/PrivateFrameworks/Sharing.framework/Versions/A/Sharing
0x000000002d40b000 	/System/Library/PrivateFrameworks/IconServices.framework/Versions/A/IconServices
0x000000002d40b000 	/System/Library/PrivateFrameworks/ProtocolBuffer.framework/Versions/A/ProtocolBuffer
0x000000002d40b000 	/System/Library/PrivateFrameworks/Apple80211.framework/Versions/A/Apple80211
0x000000002d40b000 	/System/Library/Frameworks/CoreWLAN.framework/Versions/A/CoreWLAN
0x000000002d40b000 	/System/Library/PrivateFrameworks/CoreUtils.framework/Versions/A/CoreUtils
0x000000002d40b000 	/System/Library/Frameworks/IOBluetooth.framework/Versions/A/IOBluetooth
0x000000002d40b000 	/System/Library/PrivateFrameworks/CoreWiFi.framework/Versions/A/CoreWiFi
0x000000002d40b000 	/System/Library/Frameworks/CoreBluetooth.framework/Versions/A/CoreBluetooth
0x000000002d40b000 	/System/Library/Frameworks/CoreDisplay.framework/Versions/A/CoreDisplay
0x000000002d40b000 	/System/Library/PrivateFrameworks/IOPresentment.framework/Versions/A/IOPresentment
0x000000002d40b000 	/System/Library/PrivateFrameworks/DSExternalDisplay.framework/Versions/A/DSExternalDisplay
0x000000002d40b000 	/System/Library/PrivateFrameworks/DebugSymbols.framework/Versions/A/DebugSymbols
0x000000002d40b000 	/System/Library/PrivateFrameworks/CoreSymbolication.framework/Versions/A/CoreSymbolication
0x000000002d40b000 	/System/Library/PrivateFrameworks/Symbolication.framework/Versions/A/Symbolication
0x000000002d40b000 	/System/Library/PrivateFrameworks/AppleFSCompression.framework/Versions/A/AppleFSCompression
0x000000002d40b000 	/System/Library/PrivateFrameworks/SpeechRecognitionCore.framework/Versions/A/SpeechRecognitionCore
0x000000002d40b000 	/System/Library/PrivateFrameworks/ChunkingLibrary.framework/Versions/A/ChunkingLibrary
0x000000010ae00000 	/Library/Java/JavaVirtualMachines/jdk1.8.0_40.jdk/Contents/Home/jre/lib/server/libjvm.dylib
0x000000002d40b000 	/usr/lib/libstdc++.6.dylib
0x000000010a5a7000 	/Library/Java/JavaVirtualMachines/jdk1.8.0_40.jdk/Contents/Home/jre/lib/libverify.dylib
0x000000010a5b5000 	/Library/Java/JavaVirtualMachines/jdk1.8.0_40.jdk/Contents/Home/jre/lib/libjava.dylib
0x000000010a5f4000 	/Library/Java/JavaVirtualMachines/jdk1.8.0_40.jdk/Contents/Home/jre/lib/libzip.dylib
0x000000010dfcb000 	/System/Library/Frameworks/JavaVM.framework/Frameworks/JavaRuntimeSupport.framework/JavaRuntimeSupport
0x000000010dfe5000 	/System/Library/Frameworks/JavaVM.framework/Versions/A/Frameworks/JavaNativeFoundation.framework/Versions/A/JavaNativeFoundation
0x000000010dffa000 	/System/Library/Frameworks/JavaVM.framework/Versions/A/JavaVM
0x000000002d40b000 	/System/Library/Frameworks/Carbon.framework/Versions/A/Carbon
0x000000010e007000 	/System/Library/PrivateFrameworks/JavaLaunching.framework/Versions/A/JavaLaunching
0x000000002d40b000 	/System/Library/Frameworks/Carbon.framework/Versions/A/Frameworks/CommonPanels.framework/Versions/A/CommonPanels
0x000000002d40b000 	/System/Library/Frameworks/Carbon.framework/Versions/A/Frameworks/Help.framework/Versions/A/Help
0x000000002d40b000 	/System/Library/Frameworks/Carbon.framework/Versions/A/Frameworks/ImageCapture.framework/Versions/A/ImageCapture
0x000000002d40b000 	/System/Library/Frameworks/Carbon.framework/Versions/A/Frameworks/OpenScripting.framework/Versions/A/OpenScripting
0x000000002d40b000 	/System/Library/Frameworks/Carbon.framework/Versions/A/Frameworks/Print.framework/Versions/A/Print
0x000000002d40b000 	/System/Library/Frameworks/Carbon.framework/Versions/A/Frameworks/SecurityHI.framework/Versions/A/SecurityHI
0x000000012315b000 	/Library/Java/JavaVirtualMachines/jdk1.8.0_40.jdk/Contents/Home/jre/lib/libprism_es2.dylib
0x00000001231c0000 	/System/Library/Frameworks/OpenGL.framework/Resources/GLEngine.bundle/GLEngine
0x000000002d40b000 	/System/Library/Frameworks/OpenGL.framework/Versions/A/Libraries/libGLProgrammability.dylib
0x00000001233a5000 	/System/Library/Extensions/AppleIntelHD5000GraphicsGLDriver.bundle/Contents/MacOS/AppleIntelHD5000GraphicsGLDriver
0x000000002d40b000 	/System/Library/PrivateFrameworks/GPUSupport.framework/Versions/A/Libraries/libGPUSupportMercury.dylib
0x0000000123b18000 	/System/Library/Frameworks/OpenGL.framework/Resources//GLRendererFloat.bundle/GLRendererFloat
0x000000002d40b000 	/System/Library/Frameworks/OpenCL.framework/Versions/A/Libraries/libcldcpuengine.dylib
0x000000002d40b000 	/usr/lib/libcrypto.0.9.8.dylib
0x000000002d40b000 	/System/Library/PrivateFrameworks/TrustEvaluationAgent.framework/Versions/A/TrustEvaluationAgent
0x0000000123f7b000 	/Library/Java/JavaVirtualMachines/jdk1.8.0_40.jdk/Contents/Home/jre/lib/libglass.dylib
0x000000002d40b000 	/System/Library/PrivateFrameworks/CoreServicesInternal.framework/Versions/A/CoreServicesInternal
0x000000002d40b000 	/System/Library/CoreServices/RawCamera.bundle/Contents/MacOS/RawCamera
0x000000002d40b000 	/System/Library/Frameworks/Accelerate.framework/Versions/A/Frameworks/vImage.framework/Versions/A/Libraries/libCGInterfaces.dylib
0x000000002d40b000 	/System/Library/PrivateFrameworks/FamilyControls.framework/Versions/A/FamilyControls
0x000000002d40b000 	/System/Library/PrivateFrameworks/CommerceKit.framework/Versions/A/Frameworks/CommerceCore.framework/Versions/A/CommerceCore
0x000000002d40b000 	/System/Library/PrivateFrameworks/SystemAdministration.framework/Versions/A/SystemAdministration
0x000000002d40b000 	/System/Library/PrivateFrameworks/AppContainer.framework/Versions/A/AppContainer
0x000000002d40b000 	/System/Library/PrivateFrameworks/SecCodeWrapper.framework/Versions/A/SecCodeWrapper
0x000000002d40b000 	/System/Library/Frameworks/DirectoryService.framework/Versions/A/DirectoryService
0x000000002d40b000 	/System/Library/PrivateFrameworks/DiskImages.framework/Versions/A/DiskImages
0x000000002d40b000 	/System/Library/PrivateFrameworks/LoginUIKit.framework/Versions/A/Frameworks/LoginUICore.framework/Versions/A/LoginUICore
0x000000002d40b000 	/usr/lib/libCoreStorage.dylib
0x000000002d40b000 	/usr/lib/libcsfde.dylib
0x000000002d40b000 	/usr/lib/libodfde.dylib
0x000000002d40b000 	/System/Library/Frameworks/DiscRecording.framework/Versions/A/DiscRecording
0x000000002d40b000 	/usr/lib/libcurl.4.dylib
0x000000002d40b000 	/System/Library/PrivateFrameworks/MediaKit.framework/Versions/A/MediaKit
0x000000002d40b000 	/System/Library/PrivateFrameworks/ProtectedCloudStorage.framework/Versions/A/ProtectedCloudStorage
0x000000002d40b000 	/System/Library/PrivateFrameworks/EFILogin.framework/Versions/A/EFILogin
0x000000002d40b000 	/usr/lib/libutil.dylib
0x000000002d40b000 	/System/Library/Frameworks/LDAP.framework/Versions/A/LDAP
0x000000002d40b000 	/usr/lib/libsasl2.2.dylib
0x000000002d40b000 	/System/Library/PrivateFrameworks/CoreDaemon.framework/Versions/B/CoreDaemon
0x000000002d40b000 	/System/Library/PrivateFrameworks/AppleSRP.framework/Versions/A/AppleSRP
0x000000002d40b000 	/System/Library/PrivateFrameworks/APFS.framework/Versions/A/APFS
0x0000000126f9e000 	/Library/Java/JavaVirtualMachines/jdk1.8.0_40.jdk/Contents/Home/jre/lib/libjavafx_font.dylib
0x000000002d40b000 	/System/Library/Frameworks/ApplicationServices.framework/Versions/A/Frameworks/ATS.framework/Versions/A/Resources/libTrueTypeScaler.dylib
0x0000000128997000 	/Library/Java/JavaVirtualMachines/jdk1.8.0_40.jdk/Contents/Home/jre/lib/libnet.dylib
0x000000012a33b000 	/System/Library/Extensions/AppleIntelHD5000GraphicsMTLDriver.bundle/Contents/MacOS/AppleIntelHD5000GraphicsMTLDriver
0x000000012a30f000 	/Library/Java/JavaVirtualMachines/jdk1.8.0_40.jdk/Contents/Home/jre/lib/libprism_common.dylib
0x000000002d40b000 	/System/Library/PrivateFrameworks/ViewBridge.framework/Versions/A/ViewBridge
0x000000002d40b000 	/System/Library/PrivateFrameworks/XPCService.framework/Versions/A/XPCService
0x000000002d40b000 	/System/Library/PrivateFrameworks/AppSandbox.framework/Versions/A/AppSandbox
0x000000002d40b000 	/usr/lib/libsandbox.1.dylib
0x000000002d40b000 	/usr/lib/libMatch.1.dylib

VM Arguments:
jvm_args: -Dfile.encoding=UTF-8 
java_command: application.Main
java_class_path (initial): /Library/Java/JavaVirtualMachines/jdk1.8.0_40.jdk/Contents/Home/jre/lib/resources.jar:/Library/Java/JavaVirtualMachines/jdk1.8.0_40.jdk/Contents/Home/jre/lib/rt.jar:/Library/Java/JavaVirtualMachines/jdk1.8.0_40.jdk/Contents/Home/jre/lib/jsse.jar:/Library/Java/JavaVirtualMachines/jdk1.8.0_40.jdk/Contents/Home/jre/lib/jce.jar:/Library/Java/JavaVirtualMachines/jdk1.8.0_40.jdk/Contents/Home/jre/lib/charsets.jar:/Library/Java/JavaVirtualMachines/jdk1.8.0_40.jdk/Contents/Home/jre/lib/jfr.jar:/Library/Java/JavaVirtualMachines/jdk1.8.0_40.jdk/Contents/Home/jre/lib/ext/cldrdata.jar:/Library/Java/JavaVirtualMachines/jdk1.8.0_40.jdk/Contents/Home/jre/lib/ext/dnsns.jar:/Library/Java/JavaVirtualMachines/jdk1.8.0_40.jdk/Contents/Home/jre/lib/ext/jfxrt.jar:/Library/Java/JavaVirtualMachines/jdk1.8.0_40.jdk/Contents/Home/jre/lib/ext/localedata.jar:/Library/Java/JavaVirtualMachines/jdk1.8.0_40.jdk/Contents/Home/jre/lib/ext/nashorn.jar:/Library/Java/JavaVirtualMachines/jdk1.8.0_40.jdk/Contents/Home/jre/lib/ext/sunec.jar:/Library/Java/JavaVirtualMachines/jdk1.8.0_40.jdk/Contents/Home/jre/lib/ext/sunjce_provider.jar:/Library/Java/JavaVirtualMachines/jdk1.8.0_40.jdk/Contents/Home/jre/lib/ext/sunpkcs11.jar:/Library/Java/JavaVirtualMachines/jdk1.8.0_40.jdk/Contents/Home/jre/lib/ext/zipfs.jar:/System/Library/Java/Extensions/MRJToolkit.jar:/Users/ALEX/Documents/workspace/MotorolaApp/bin:/Users/ALEX/.p2/pool/plugins/org.eclipse.fx.ide.css.jfx8_3.4.1.201810030906.jar
Launcher Type: SUN_STANDARD

Environment Variables:
PATH=/usr/bin:/bin:/usr/sbin:/sbin
SHELL=/bin/bash

Signal Handlers:
SIGSEGV: [libjvm.dylib+0x58ef95], sa_mask[0]=11111111011111110111111111111111, sa_flags=SA_ONSTACK|SA_RESTART|SA_SIGINFO
SIGBUS: [libjvm.dylib+0x58ef95], sa_mask[0]=11111111011111110111111111111111, sa_flags=SA_RESTART|SA_SIGINFO
SIGFPE: [libjvm.dylib+0x46c118], sa_mask[0]=11111111011111110111111111111111, sa_flags=SA_RESTART|SA_SIGINFO
SIGPIPE: [libjvm.dylib+0x46c118], sa_mask[0]=11111111011111110111111111111111, sa_flags=SA_RESTART|SA_SIGINFO
SIGXFSZ: [libjvm.dylib+0x46c118], sa_mask[0]=11111111011111110111111111111111, sa_flags=SA_RESTART|SA_SIGINFO
SIGILL: [libjvm.dylib+0x46c118], sa_mask[0]=11111111011111110111111111111111, sa_flags=SA_RESTART|SA_SIGINFO
SIGUSR1: SIG_DFL, sa_mask[0]=00000000000000000000000000000000, sa_flags=none
SIGUSR2: [libjvm.dylib+0x46bc36], sa_mask[0]=00100000000000000000000000000000, sa_flags=SA_RESTART|SA_SIGINFO
SIGHUP: [libjvm.dylib+0x46a209], sa_mask[0]=11111111011111110111111111111111, sa_flags=SA_RESTART|SA_SIGINFO
SIGINT: [libjvm.dylib+0x46a209], sa_mask[0]=11111111011111110111111111111111, sa_flags=SA_RESTART|SA_SIGINFO
SIGTERM: [libjvm.dylib+0x46a209], sa_mask[0]=11111111011111110111111111111111, sa_flags=SA_RESTART|SA_SIGINFO
SIGQUIT: [libjvm.dylib+0x46a209], sa_mask[0]=11111111011111110111111111111111, sa_flags=SA_RESTART|SA_SIGINFO


---------------  S Y S T E M  ---------------

OS:Bsduname:Darwin 16.7.0 Darwin Kernel Version 16.7.0: Thu Jun 21 20:07:39 PDT 2018; root:xnu-3789.73.14~1/RELEASE_X86_64 x86_64
rlimit: STACK 8192k, CORE 0k, NPROC 709, NOFILE 10240, AS infinity
load average:4.85 3.56 3.01

CPU:total 4 (2 cores per cpu, 2 threads per core) family 6 model 69 stepping 1, cmov, cx8, fxsr, mmx, sse, sse2, sse3, ssse3, sse4.1, sse4.2, popcnt, avx, avx2, aes, clmul, erms, lzcnt, ht, tsc, tscinvbit, bmi1, bmi2

Memory: 4k page, physical 8388608k(20596k free)

/proc/meminfo:


vm_info: Java HotSpot(TM) 64-Bit Server VM (25.40-b25) for bsd-amd64 JRE (1.8.0_40-b25), built on Feb 10 2015 21:07:25 by "java_re" with gcc 4.2.1 (Based on Apple Inc. build 5658) (LLVM build 2336.11.00)

time: Tue Oct  1 10:10:07 2019
elapsed time: 30 seconds (0d 0h 0m 30s)

